<?xml version="1.0" encoding="utf-8"?>
<CoverageSession xmlns:xsd="http://www.w3.org/2001/XMLSchema" xmlns:xsi="http://www.w3.org/2001/XMLSchema-instance" Version="4.6.0.0">
  <Summary numSequencePoints="835" visitedSequencePoints="796" numBranchPoints="212" visitedBranchPoints="200" sequenceCoverage="95.33" branchCoverage="94.34" maxCyclomaticComplexity="6" minCyclomaticComplexity="1" maxCrapScore="6" minCrapScore="1" visitedClasses="47" numClasses="49" visitedMethods="153" numMethods="164" />
  <Modules>
    <Module hash="10-21-4F-99-30-B6-B2-21-08-7C-9F-4E-FA-94-2F-77-5B-4B-DB-D8">
      <Summary numSequencePoints="835" visitedSequencePoints="796" numBranchPoints="212" visitedBranchPoints="200" sequenceCoverage="95.33" branchCoverage="94.34" maxCyclomaticComplexity="6" minCyclomaticComplexity="1" maxCrapScore="6" minCrapScore="1" visitedClasses="47" numClasses="49" visitedMethods="153" numMethods="164" />
      <ModulePath>C:\Soluciones .NET\BikeRental\BikeRental\BikeRental\bin\Debug\BikeRental.dll</ModulePath>
      <ModuleTime>2018-07-17T03:03:09.8782787Z</ModuleTime>
      <ModuleName>BikeRental</ModuleName>
      <Files>
        <File uid="1" fullPath="C:\Soluciones .NET\BikeRental\BikeRental\BikeRental\Tests\Domain\BikeTestCase.cs" />
        <File uid="2" fullPath="C:\Soluciones .NET\BikeRental\BikeRental\BikeRental\Tests\Domain\ClientTestCase.cs" />
        <File uid="3" fullPath="C:\Soluciones .NET\BikeRental\BikeRental\BikeRental\Tests\Domain\RentalOperatorTestCase.cs" />
        <File uid="8" fullPath="C:\Soluciones .NET\BikeRental\BikeRental\BikeRental\Tests\Domain\MoneyTestCase.cs" />
        <File uid="9" fullPath="C:\Soluciones .NET\BikeRental\BikeRental\BikeRental\Tests\Domain\CashierTestCase.cs" />
        <File uid="10" fullPath="C:\Soluciones .NET\BikeRental\BikeRental\BikeRental\Tests\Domain\PersonTestCase.cs" />
        <File uid="12" fullPath="C:\Soluciones .NET\BikeRental\BikeRental\BikeRental\Tests\Domain\RentalByDayTestCase.cs" />
        <File uid="13" fullPath="C:\Soluciones .NET\BikeRental\BikeRental\BikeRental\Tests\Domain\RentalByHourTestCase.cs" />
        <File uid="14" fullPath="C:\Soluciones .NET\BikeRental\BikeRental\BikeRental\Tests\Domain\RentalByWeekTestCase.cs" />
        <File uid="15" fullPath="C:\Soluciones .NET\BikeRental\BikeRental\BikeRental\Tests\Domain\FamilyRentalTestCase.cs" />
        <File uid="17" fullPath="C:\Soluciones .NET\BikeRental\BikeRental\BikeRental\Tests\Domain\RentalTestCase.cs" />
        <File uid="18" fullPath="C:\Soluciones .NET\BikeRental\BikeRental\BikeRental\Tests\Domain\TestsConstants.cs" />
        <File uid="19" fullPath="C:\Soluciones .NET\BikeRental\BikeRental\BikeRental\Domain\Bike.cs" />
        <File uid="20" fullPath="C:\Soluciones .NET\BikeRental\BikeRental\BikeRental\Domain\BikeSpecifications.cs" />
        <File uid="21" fullPath="C:\Soluciones .NET\BikeRental\BikeRental\BikeRental\Domain\Cashier.cs" />
        <File uid="22" fullPath="C:\Soluciones .NET\BikeRental\BikeRental\BikeRental\Domain\Client.cs" />
        <File uid="23" fullPath="C:\Soluciones .NET\BikeRental\BikeRental\BikeRental\Domain\EmployeeData.cs" />
        <File uid="24" fullPath="C:\Soluciones .NET\BikeRental\BikeRental\BikeRental\Domain\FamilyRental.cs" />
        <File uid="26" fullPath="C:\Soluciones .NET\BikeRental\BikeRental\BikeRental\Domain\FamilyRentalInformation.cs" />
        <File uid="27" fullPath="C:\Soluciones .NET\BikeRental\BikeRental\BikeRental\Domain\Money.cs" />
        <File uid="28" fullPath="C:\Soluciones .NET\BikeRental\BikeRental\BikeRental\Domain\Payment.cs" />
        <File uid="29" fullPath="C:\Soluciones .NET\BikeRental\BikeRental\BikeRental\Domain\Person.cs" />
        <File uid="31" fullPath="C:\Soluciones .NET\BikeRental\BikeRental\BikeRental\Domain\PromotionRules.cs" />
        <File uid="32" fullPath="C:\Soluciones .NET\BikeRental\BikeRental\BikeRental\Domain\Rental.cs" />
        <File uid="33" fullPath="C:\Soluciones .NET\BikeRental\BikeRental\BikeRental\Domain\RentalByDay.cs" />
        <File uid="34" fullPath="C:\Soluciones .NET\BikeRental\BikeRental\BikeRental\Domain\RentalByHour.cs" />
        <File uid="35" fullPath="C:\Soluciones .NET\BikeRental\BikeRental\BikeRental\Domain\RentalByWeek.cs" />
        <File uid="36" fullPath="C:\Soluciones .NET\BikeRental\BikeRental\BikeRental\Domain\RentalBeginning.cs" />
        <File uid="37" fullPath="C:\Soluciones .NET\BikeRental\BikeRental\BikeRental\Domain\RentalFinalization.cs" />
        <File uid="38" fullPath="C:\Soluciones .NET\BikeRental\BikeRental\BikeRental\Domain\RentalModality.cs" />
        <File uid="39" fullPath="C:\Soluciones .NET\BikeRental\BikeRental\BikeRental\Domain\RentalOperator.cs" />
        <File uid="40" fullPath="C:\Soluciones .NET\BikeRental\BikeRental\BikeRental\Domain\Exceptions\AmountOfRentalsWantedDoesNotRespectTheEstablishedMarginException.cs" />
        <File uid="41" fullPath="C:\Soluciones .NET\BikeRental\BikeRental\BikeRental\Domain\Exceptions\AmountOfClientsAndBikesAndUnitsOfTimeDoNotMatchException.cs" />
        <File uid="42" fullPath="C:\Soluciones .NET\BikeRental\BikeRental\BikeRental\Domain\Exceptions\BikeIsNotAvailableException.cs" />
        <File uid="43" fullPath="C:\Soluciones .NET\BikeRental\BikeRental\BikeRental\Domain\Exceptions\FinalizationDateOfRentalIsLessThanBeginningDateException.cs" />
        <File uid="44" fullPath="C:\Soluciones .NET\BikeRental\BikeRental\BikeRental\Domain\Exceptions\PurchaseIsAlreadyPaidException.cs" />
        <File uid="45" fullPath="C:\Soluciones .NET\BikeRental\BikeRental\BikeRental\Domain\Exceptions\MoneyReceivedIsUnequalThanPurchaseCostException.cs" />
        <File uid="46" fullPath="C:\Soluciones .NET\BikeRental\BikeRental\BikeRental\Domain\Exceptions\PersonAlreadyHasThatRoleException.cs" />
        <File uid="47" fullPath="C:\Soluciones .NET\BikeRental\BikeRental\BikeRental\Domain\Exceptions\RentalIsAlreadyFinalizedException.cs" />
        <File uid="48" fullPath="C:\Soluciones .NET\BikeRental\BikeRental\BikeRental\Domain\Exceptions\RentalHasNotFinalizedYetException.cs" />
        <File uid="49" fullPath="C:\Soluciones .NET\BikeRental\BikeRental\BikeRental\Domain\Exceptions\UnitOfTimeIsNotValidException.cs" />
      </Files>
      <Classes>
        <Class>
          <Summary numSequencePoints="22" visitedSequencePoints="22" numBranchPoints="5" visitedBranchPoints="5" sequenceCoverage="100" branchCoverage="100" maxCyclomaticComplexity="1" minCyclomaticComplexity="1" maxCrapScore="2" minCrapScore="1" visitedClasses="1" numClasses="1" visitedMethods="5" numMethods="5" />
          <FullName>BikeRental.Tests.Domain.BikeTestCase</FullName>
          <Methods>
            <Method visited="true" cyclomaticComplexity="1" nPathComplexity="0" sequenceCoverage="100" branchCoverage="100" crapScore="1" isConstructor="false" isStatic="false" isGetter="false" isSetter="false">
              <Summary numSequencePoints="4" visitedSequencePoints="4" numBranchPoints="1" visitedBranchPoints="1" sequenceCoverage="100" branchCoverage="100" maxCyclomaticComplexity="1" minCyclomaticComplexity="1" maxCrapScore="1" minCrapScore="1" visitedClasses="0" numClasses="0" visitedMethods="1" numMethods="1" />
              <MetadataToken>100663297</MetadataToken>
              <Name>System.Void BikeRental.Tests.Domain.BikeTestCase::SetUp()</Name>
              <FileRef uid="1" />
              <SequencePoints>
                <SequencePoint vc="4" uspid="1" ordinal="0" offset="0" sl="18" sc="9" el="18" ec="10" bec="0" bev="0" fileid="1" />
                <SequencePoint vc="4" uspid="2" ordinal="1" offset="1" sl="19" sc="13" el="20" ec="71" bec="0" bev="0" fileid="1" />
                <SequencePoint vc="4" uspid="3" ordinal="2" offset="22" sl="21" sc="13" el="21" ec="95" bec="0" bev="0" fileid="1" />
                <SequencePoint vc="4" uspid="4" ordinal="3" offset="39" sl="22" sc="9" el="22" ec="10" bec="0" bev="0" fileid="1" />
              </SequencePoints>
              <BranchPoints />
              <MethodPoint xsi:type="SequencePoint" vc="4" uspid="1" ordinal="0" offset="0" sl="18" sc="9" el="18" ec="10" bec="0" bev="0" fileid="1" />
            </Method>
            <Method visited="true" cyclomaticComplexity="1" nPathComplexity="0" sequenceCoverage="100" branchCoverage="100" crapScore="1" isConstructor="false" isStatic="false" isGetter="false" isSetter="false">
              <Summary numSequencePoints="3" visitedSequencePoints="3" numBranchPoints="1" visitedBranchPoints="1" sequenceCoverage="100" branchCoverage="100" maxCyclomaticComplexity="1" minCyclomaticComplexity="1" maxCrapScore="1" minCrapScore="1" visitedClasses="0" numClasses="0" visitedMethods="1" numMethods="1" />
              <MetadataToken>100663298</MetadataToken>
              <Name>System.Void BikeRental.Tests.Domain.BikeTestCase::WhenIsCreatedItsStateIsFree()</Name>
              <FileRef uid="1" />
              <SequencePoints>
                <SequencePoint vc="1" uspid="5" ordinal="0" offset="0" sl="26" sc="9" el="26" ec="10" bec="0" bev="0" fileid="1">
                  <TrackedMethodRefs>
                    <TrackedMethodRef uid="1" vc="1" />
                  </TrackedMethodRefs>
                </SequencePoint>
                <SequencePoint vc="1" uspid="6" ordinal="1" offset="1" sl="27" sc="13" el="27" ec="62" bec="0" bev="0" fileid="1">
                  <TrackedMethodRefs>
                    <TrackedMethodRef uid="1" vc="1" />
                  </TrackedMethodRefs>
                </SequencePoint>
                <SequencePoint vc="1" uspid="7" ordinal="2" offset="29" sl="28" sc="9" el="28" ec="10" bec="0" bev="0" fileid="1">
                  <TrackedMethodRefs>
                    <TrackedMethodRef uid="1" vc="1" />
                  </TrackedMethodRefs>
                </SequencePoint>
              </SequencePoints>
              <BranchPoints />
              <MethodPoint xsi:type="SequencePoint" vc="1" uspid="5" ordinal="0" offset="0" sl="26" sc="9" el="26" ec="10" bec="0" bev="0" fileid="1">
                <TrackedMethodRefs>
                  <TrackedMethodRef uid="1" vc="1" />
                </TrackedMethodRefs>
              </MethodPoint>
            </Method>
            <Method visited="true" cyclomaticComplexity="1" nPathComplexity="0" sequenceCoverage="100" branchCoverage="100" crapScore="1" isConstructor="false" isStatic="false" isGetter="false" isSetter="false">
              <Summary numSequencePoints="3" visitedSequencePoints="3" numBranchPoints="1" visitedBranchPoints="1" sequenceCoverage="100" branchCoverage="100" maxCyclomaticComplexity="1" minCyclomaticComplexity="1" maxCrapScore="1" minCrapScore="1" visitedClasses="0" numClasses="0" visitedMethods="1" numMethods="1" />
              <MetadataToken>100663299</MetadataToken>
              <Name>System.Void BikeRental.Tests.Domain.BikeTestCase::IsAvailableWhenIsFree()</Name>
              <FileRef uid="1" />
              <SequencePoints>
                <SequencePoint vc="1" uspid="8" ordinal="0" offset="0" sl="32" sc="9" el="32" ec="10" bec="0" bev="0" fileid="1">
                  <TrackedMethodRefs>
                    <TrackedMethodRef uid="2" vc="1" />
                  </TrackedMethodRefs>
                </SequencePoint>
                <SequencePoint vc="1" uspid="9" ordinal="1" offset="1" sl="33" sc="13" el="33" ec="52" bec="0" bev="0" fileid="1">
                  <TrackedMethodRefs>
                    <TrackedMethodRef uid="2" vc="1" />
                  </TrackedMethodRefs>
                </SequencePoint>
                <SequencePoint vc="1" uspid="10" ordinal="2" offset="18" sl="34" sc="9" el="34" ec="10" bec="0" bev="0" fileid="1">
                  <TrackedMethodRefs>
                    <TrackedMethodRef uid="2" vc="1" />
                  </TrackedMethodRefs>
                </SequencePoint>
              </SequencePoints>
              <BranchPoints />
              <MethodPoint xsi:type="SequencePoint" vc="1" uspid="8" ordinal="0" offset="0" sl="32" sc="9" el="32" ec="10" bec="0" bev="0" fileid="1">
                <TrackedMethodRefs>
                  <TrackedMethodRef uid="2" vc="1" />
                </TrackedMethodRefs>
              </MethodPoint>
            </Method>
            <Method visited="true" cyclomaticComplexity="1" nPathComplexity="0" sequenceCoverage="100" branchCoverage="100" crapScore="1" isConstructor="false" isStatic="false" isGetter="false" isSetter="false">
              <Summary numSequencePoints="4" visitedSequencePoints="4" numBranchPoints="1" visitedBranchPoints="1" sequenceCoverage="100" branchCoverage="100" maxCyclomaticComplexity="1" minCyclomaticComplexity="1" maxCrapScore="1" minCrapScore="1" visitedClasses="0" numClasses="0" visitedMethods="1" numMethods="1" />
              <MetadataToken>100663300</MetadataToken>
              <Name>System.Void BikeRental.Tests.Domain.BikeTestCase::StateIsChangedCorrectly()</Name>
              <FileRef uid="1" />
              <SequencePoints>
                <SequencePoint vc="1" uspid="11" ordinal="0" offset="0" sl="38" sc="9" el="38" ec="10" bec="0" bev="0" fileid="1">
                  <TrackedMethodRefs>
                    <TrackedMethodRef uid="3" vc="1" />
                  </TrackedMethodRefs>
                </SequencePoint>
                <SequencePoint vc="1" uspid="12" ordinal="1" offset="1" sl="39" sc="13" el="39" ec="53" bec="0" bev="0" fileid="1">
                  <TrackedMethodRefs>
                    <TrackedMethodRef uid="3" vc="1" />
                  </TrackedMethodRefs>
                </SequencePoint>
                <SequencePoint vc="1" uspid="13" ordinal="2" offset="14" sl="40" sc="13" el="40" ec="64" bec="0" bev="0" fileid="1">
                  <TrackedMethodRefs>
                    <TrackedMethodRef uid="3" vc="1" />
                  </TrackedMethodRefs>
                </SequencePoint>
                <SequencePoint vc="1" uspid="14" ordinal="3" offset="42" sl="41" sc="9" el="41" ec="10" bec="0" bev="0" fileid="1">
                  <TrackedMethodRefs>
                    <TrackedMethodRef uid="3" vc="1" />
                  </TrackedMethodRefs>
                </SequencePoint>
              </SequencePoints>
              <BranchPoints />
              <MethodPoint xsi:type="SequencePoint" vc="1" uspid="11" ordinal="0" offset="0" sl="38" sc="9" el="38" ec="10" bec="0" bev="0" fileid="1">
                <TrackedMethodRefs>
                  <TrackedMethodRef uid="3" vc="1" />
                </TrackedMethodRefs>
              </MethodPoint>
            </Method>
            <Method visited="true" cyclomaticComplexity="1" nPathComplexity="0" sequenceCoverage="100" branchCoverage="100" crapScore="1" isConstructor="false" isStatic="false" isGetter="false" isSetter="false">
              <Summary numSequencePoints="8" visitedSequencePoints="8" numBranchPoints="1" visitedBranchPoints="1" sequenceCoverage="100" branchCoverage="100" maxCyclomaticComplexity="1" minCyclomaticComplexity="1" maxCrapScore="1" minCrapScore="1" visitedClasses="0" numClasses="0" visitedMethods="1" numMethods="1" />
              <MetadataToken>100663301</MetadataToken>
              <Name>System.Void BikeRental.Tests.Domain.BikeTestCase::IsNotAvailableWhenIsNotFree()</Name>
              <FileRef uid="1" />
              <SequencePoints>
                <SequencePoint vc="1" uspid="15" ordinal="0" offset="0" sl="45" sc="9" el="45" ec="10" bec="0" bev="0" fileid="1">
                  <TrackedMethodRefs>
                    <TrackedMethodRef uid="4" vc="1" />
                  </TrackedMethodRefs>
                </SequencePoint>
                <SequencePoint vc="1" uspid="16" ordinal="1" offset="1" sl="46" sc="13" el="46" ec="61" bec="0" bev="0" fileid="1">
                  <TrackedMethodRefs>
                    <TrackedMethodRef uid="4" vc="1" />
                  </TrackedMethodRefs>
                </SequencePoint>
                <SequencePoint vc="1" uspid="17" ordinal="2" offset="14" sl="47" sc="13" el="47" ec="53" bec="0" bev="0" fileid="1">
                  <TrackedMethodRefs>
                    <TrackedMethodRef uid="4" vc="1" />
                  </TrackedMethodRefs>
                </SequencePoint>
                <SequencePoint vc="1" uspid="18" ordinal="3" offset="31" sl="48" sc="13" el="48" ec="53" bec="0" bev="0" fileid="1">
                  <TrackedMethodRefs>
                    <TrackedMethodRef uid="4" vc="1" />
                  </TrackedMethodRefs>
                </SequencePoint>
                <SequencePoint vc="1" uspid="19" ordinal="4" offset="44" sl="49" sc="13" el="49" ec="53" bec="0" bev="0" fileid="1">
                  <TrackedMethodRefs>
                    <TrackedMethodRef uid="4" vc="1" />
                  </TrackedMethodRefs>
                </SequencePoint>
                <SequencePoint vc="1" uspid="20" ordinal="5" offset="61" sl="50" sc="13" el="50" ec="53" bec="0" bev="0" fileid="1">
                  <TrackedMethodRefs>
                    <TrackedMethodRef uid="4" vc="1" />
                  </TrackedMethodRefs>
                </SequencePoint>
                <SequencePoint vc="1" uspid="21" ordinal="6" offset="74" sl="51" sc="13" el="51" ec="53" bec="0" bev="0" fileid="1">
                  <TrackedMethodRefs>
                    <TrackedMethodRef uid="4" vc="1" />
                  </TrackedMethodRefs>
                </SequencePoint>
                <SequencePoint vc="1" uspid="22" ordinal="7" offset="91" sl="52" sc="9" el="52" ec="10" bec="0" bev="0" fileid="1">
                  <TrackedMethodRefs>
                    <TrackedMethodRef uid="4" vc="1" />
                  </TrackedMethodRefs>
                </SequencePoint>
              </SequencePoints>
              <BranchPoints />
              <MethodPoint xsi:type="SequencePoint" vc="1" uspid="15" ordinal="0" offset="0" sl="45" sc="9" el="45" ec="10" bec="0" bev="0" fileid="1">
                <TrackedMethodRefs>
                  <TrackedMethodRef uid="4" vc="1" />
                </TrackedMethodRefs>
              </MethodPoint>
            </Method>
            <Method visited="false" cyclomaticComplexity="1" nPathComplexity="0" sequenceCoverage="0" branchCoverage="0" crapScore="2" isConstructor="true" isStatic="false" isGetter="false" isSetter="false">
              <Summary numSequencePoints="0" visitedSequencePoints="0" numBranchPoints="0" visitedBranchPoints="0" sequenceCoverage="0" branchCoverage="0" maxCyclomaticComplexity="1" minCyclomaticComplexity="1" maxCrapScore="2" minCrapScore="2" visitedClasses="0" numClasses="0" visitedMethods="0" numMethods="0" />
              <MetadataToken>100663302</MetadataToken>
              <Name>System.Void BikeRental.Tests.Domain.BikeTestCase::.ctor()</Name>
              <SequencePoints />
              <BranchPoints />
              <MethodPoint vc="0" uspid="23" ordinal="0" offset="0" />
            </Method>
          </Methods>
        </Class>
        <Class>
          <Summary numSequencePoints="40" visitedSequencePoints="40" numBranchPoints="8" visitedBranchPoints="8" sequenceCoverage="100" branchCoverage="100" maxCyclomaticComplexity="3" minCyclomaticComplexity="1" maxCrapScore="3" minCrapScore="1" visitedClasses="1" numClasses="1" visitedMethods="4" numMethods="4" />
          <FullName>BikeRental.Tests.Domain.ClientTestCase</FullName>
          <Methods>
            <Method visited="true" cyclomaticComplexity="1" nPathComplexity="0" sequenceCoverage="100" branchCoverage="100" crapScore="1" isConstructor="false" isStatic="false" isGetter="false" isSetter="false">
              <Summary numSequencePoints="10" visitedSequencePoints="10" numBranchPoints="1" visitedBranchPoints="1" sequenceCoverage="100" branchCoverage="100" maxCyclomaticComplexity="1" minCyclomaticComplexity="1" maxCrapScore="1" minCrapScore="1" visitedClasses="0" numClasses="0" visitedMethods="1" numMethods="1" />
              <MetadataToken>100663303</MetadataToken>
              <Name>System.Void BikeRental.Tests.Domain.ClientTestCase::SetUp()</Name>
              <FileRef uid="2" />
              <SequencePoints>
                <SequencePoint vc="2" uspid="24" ordinal="0" offset="0" sl="27" sc="9" el="27" ec="10" bec="0" bev="0" fileid="2" />
                <SequencePoint vc="2" uspid="25" ordinal="1" offset="1" sl="28" sc="13" el="28" ec="40" bec="0" bev="0" fileid="2" />
                <SequencePoint vc="2" uspid="26" ordinal="2" offset="12" sl="31" sc="13" el="31" ec="100" bec="0" bev="0" fileid="2" />
                <SequencePoint vc="2" uspid="27" ordinal="3" offset="34" sl="33" sc="13" el="37" ec="72" bec="0" bev="0" fileid="2" />
                <SequencePoint vc="2" uspid="28" ordinal="4" offset="75" sl="38" sc="13" el="40" ec="82" bec="0" bev="0" fileid="2" />
                <SequencePoint vc="2" uspid="29" ordinal="5" offset="89" sl="42" sc="13" el="43" ec="66" bec="0" bev="0" fileid="2" />
                <SequencePoint vc="2" uspid="30" ordinal="6" offset="107" sl="44" sc="13" el="45" ec="65" bec="0" bev="0" fileid="2" />
                <SequencePoint vc="2" uspid="31" ordinal="7" offset="126" sl="46" sc="13" el="47" ec="66" bec="0" bev="0" fileid="2" />
                <SequencePoint vc="2" uspid="32" ordinal="8" offset="146" sl="49" sc="13" el="49" ec="120" bec="0" bev="0" fileid="2" />
                <SequencePoint vc="2" uspid="33" ordinal="9" offset="162" sl="50" sc="9" el="50" ec="10" bec="0" bev="0" fileid="2" />
              </SequencePoints>
              <BranchPoints />
              <MethodPoint xsi:type="SequencePoint" vc="2" uspid="24" ordinal="0" offset="0" sl="27" sc="9" el="27" ec="10" bec="0" bev="0" fileid="2" />
            </Method>
            <Method visited="true" cyclomaticComplexity="1" nPathComplexity="0" sequenceCoverage="100" branchCoverage="100" crapScore="1" isConstructor="false" isStatic="false" isGetter="false" isSetter="false">
              <Summary numSequencePoints="6" visitedSequencePoints="6" numBranchPoints="1" visitedBranchPoints="1" sequenceCoverage="100" branchCoverage="100" maxCyclomaticComplexity="1" minCyclomaticComplexity="1" maxCrapScore="1" minCrapScore="1" visitedClasses="0" numClasses="0" visitedMethods="1" numMethods="1" />
              <MetadataToken>100663304</MetadataToken>
              <Name>System.Void BikeRental.Tests.Domain.ClientTestCase::RequestARental()</Name>
              <FileRef uid="2" />
              <SequencePoints>
                <SequencePoint vc="1" uspid="34" ordinal="0" offset="0" sl="54" sc="9" el="54" ec="10" bec="0" bev="0" fileid="2">
                  <TrackedMethodRefs>
                    <TrackedMethodRef uid="5" vc="1" />
                  </TrackedMethodRefs>
                </SequencePoint>
                <SequencePoint vc="1" uspid="35" ordinal="1" offset="1" sl="55" sc="13" el="55" ec="105" bec="0" bev="0" fileid="2">
                  <TrackedMethodRefs>
                    <TrackedMethodRef uid="5" vc="1" />
                  </TrackedMethodRefs>
                </SequencePoint>
                <SequencePoint vc="1" uspid="36" ordinal="2" offset="26" sl="57" sc="13" el="57" ec="57" bec="0" bev="0" fileid="2">
                  <TrackedMethodRefs>
                    <TrackedMethodRef uid="5" vc="1" />
                  </TrackedMethodRefs>
                </SequencePoint>
                <SequencePoint vc="1" uspid="37" ordinal="3" offset="44" sl="58" sc="13" el="58" ec="53" bec="0" bev="0" fileid="2">
                  <TrackedMethodRefs>
                    <TrackedMethodRef uid="5" vc="1" />
                  </TrackedMethodRefs>
                </SequencePoint>
                <SequencePoint vc="1" uspid="38" ordinal="4" offset="62" sl="59" sc="13" el="59" ec="74" bec="0" bev="0" fileid="2">
                  <TrackedMethodRefs>
                    <TrackedMethodRef uid="5" vc="1" />
                  </TrackedMethodRefs>
                </SequencePoint>
                <SequencePoint vc="1" uspid="39" ordinal="5" offset="90" sl="60" sc="9" el="60" ec="10" bec="0" bev="0" fileid="2">
                  <TrackedMethodRefs>
                    <TrackedMethodRef uid="5" vc="1" />
                  </TrackedMethodRefs>
                </SequencePoint>
              </SequencePoints>
              <BranchPoints />
              <MethodPoint xsi:type="SequencePoint" vc="1" uspid="34" ordinal="0" offset="0" sl="54" sc="9" el="54" ec="10" bec="0" bev="0" fileid="2">
                <TrackedMethodRefs>
                  <TrackedMethodRef uid="5" vc="1" />
                </TrackedMethodRefs>
              </MethodPoint>
            </Method>
            <Method visited="true" cyclomaticComplexity="3" nPathComplexity="4" sequenceCoverage="100" branchCoverage="100" crapScore="3" isConstructor="false" isStatic="false" isGetter="false" isSetter="false">
              <Summary numSequencePoints="23" visitedSequencePoints="23" numBranchPoints="5" visitedBranchPoints="5" sequenceCoverage="100" branchCoverage="100" maxCyclomaticComplexity="3" minCyclomaticComplexity="3" maxCrapScore="3" minCrapScore="3" visitedClasses="0" numClasses="0" visitedMethods="1" numMethods="1" />
              <MetadataToken>100663305</MetadataToken>
              <Name>System.Void BikeRental.Tests.Domain.ClientTestCase::RequestAFamilyRental()</Name>
              <FileRef uid="2" />
              <SequencePoints>
                <SequencePoint vc="1" uspid="40" ordinal="0" offset="0" sl="64" sc="9" el="64" ec="10" bec="0" bev="0" fileid="2">
                  <TrackedMethodRefs>
                    <TrackedMethodRef uid="6" vc="1" />
                  </TrackedMethodRefs>
                </SequencePoint>
                <SequencePoint vc="1" uspid="41" ordinal="1" offset="1" sl="65" sc="13" el="65" ec="57" bec="0" bev="0" fileid="2">
                  <TrackedMethodRefs>
                    <TrackedMethodRef uid="6" vc="1" />
                  </TrackedMethodRefs>
                </SequencePoint>
                <SequencePoint vc="1" uspid="42" ordinal="2" offset="7" sl="66" sc="13" el="66" ec="50" bec="0" bev="0" fileid="2">
                  <TrackedMethodRefs>
                    <TrackedMethodRef uid="6" vc="1" />
                  </TrackedMethodRefs>
                </SequencePoint>
                <SequencePoint vc="1" uspid="43" ordinal="3" offset="13" sl="67" sc="13" el="67" ec="69" bec="0" bev="0" fileid="2">
                  <TrackedMethodRefs>
                    <TrackedMethodRef uid="6" vc="1" />
                  </TrackedMethodRefs>
                </SequencePoint>
                <SequencePoint vc="1" uspid="44" ordinal="4" offset="19" sl="69" sc="18" el="69" ec="27" bec="0" bev="0" fileid="2">
                  <TrackedMethodRefs>
                    <TrackedMethodRef uid="6" vc="1" />
                  </TrackedMethodRefs>
                </SequencePoint>
                <SequencePoint vc="5" uspid="45" ordinal="5" offset="24" sl="70" sc="13" el="70" ec="14" bec="0" bev="0" fileid="2">
                  <TrackedMethodRefs>
                    <TrackedMethodRef uid="6" vc="5" />
                  </TrackedMethodRefs>
                </SequencePoint>
                <SequencePoint vc="5" uspid="46" ordinal="6" offset="25" sl="71" sc="17" el="71" ec="43" bec="0" bev="0" fileid="2">
                  <TrackedMethodRefs>
                    <TrackedMethodRef uid="6" vc="5" />
                  </TrackedMethodRefs>
                </SequencePoint>
                <SequencePoint vc="5" uspid="47" ordinal="7" offset="37" sl="72" sc="17" el="72" ec="72" bec="0" bev="0" fileid="2">
                  <TrackedMethodRefs>
                    <TrackedMethodRef uid="6" vc="5" />
                  </TrackedMethodRefs>
                </SequencePoint>
                <SequencePoint vc="5" uspid="48" ordinal="8" offset="60" sl="73" sc="17" el="73" ec="50" bec="0" bev="0" fileid="2">
                  <TrackedMethodRefs>
                    <TrackedMethodRef uid="6" vc="5" />
                  </TrackedMethodRefs>
                </SequencePoint>
                <SequencePoint vc="5" uspid="49" ordinal="9" offset="68" sl="74" sc="13" el="74" ec="14" bec="0" bev="0" fileid="2">
                  <TrackedMethodRefs>
                    <TrackedMethodRef uid="6" vc="5" />
                  </TrackedMethodRefs>
                </SequencePoint>
                <SequencePoint vc="5" uspid="50" ordinal="10" offset="69" sl="69" sc="100" el="69" ec="103" bec="0" bev="0" fileid="2">
                  <TrackedMethodRefs>
                    <TrackedMethodRef uid="6" vc="5" />
                  </TrackedMethodRefs>
                </SequencePoint>
                <SequencePoint vc="6" uspid="51" ordinal="11" offset="75" sl="69" sc="29" el="69" ec="98" bec="2" bev="2" fileid="2">
                  <TrackedMethodRefs>
                    <TrackedMethodRef uid="6" vc="6" />
                  </TrackedMethodRefs>
                </SequencePoint>
                <SequencePoint vc="1" uspid="52" ordinal="12" offset="101" sl="76" sc="13" el="76" ec="125" bec="0" bev="0" fileid="2">
                  <TrackedMethodRefs>
                    <TrackedMethodRef uid="6" vc="1" />
                  </TrackedMethodRefs>
                </SequencePoint>
                <SequencePoint vc="1" uspid="53" ordinal="13" offset="122" sl="78" sc="13" el="78" ec="63" bec="0" bev="0" fileid="2">
                  <TrackedMethodRefs>
                    <TrackedMethodRef uid="6" vc="1" />
                  </TrackedMethodRefs>
                </SequencePoint>
                <SequencePoint vc="1" uspid="54" ordinal="14" offset="140" sl="79" sc="18" el="79" ec="27" bec="0" bev="0" fileid="2">
                  <TrackedMethodRefs>
                    <TrackedMethodRef uid="6" vc="1" />
                  </TrackedMethodRefs>
                </SequencePoint>
                <SequencePoint vc="5" uspid="55" ordinal="15" offset="145" sl="80" sc="13" el="80" ec="14" bec="0" bev="0" fileid="2">
                  <TrackedMethodRefs>
                    <TrackedMethodRef uid="6" vc="5" />
                  </TrackedMethodRefs>
                </SequencePoint>
                <SequencePoint vc="5" uspid="56" ordinal="16" offset="146" sl="81" sc="17" el="81" ec="77" bec="0" bev="0" fileid="2">
                  <TrackedMethodRefs>
                    <TrackedMethodRef uid="6" vc="5" />
                  </TrackedMethodRefs>
                </SequencePoint>
                <SequencePoint vc="5" uspid="57" ordinal="17" offset="178" sl="82" sc="17" el="82" ec="73" bec="0" bev="0" fileid="2">
                  <TrackedMethodRefs>
                    <TrackedMethodRef uid="6" vc="5" />
                  </TrackedMethodRefs>
                </SequencePoint>
                <SequencePoint vc="5" uspid="58" ordinal="18" offset="210" sl="83" sc="17" el="83" ec="95" bec="0" bev="0" fileid="2">
                  <TrackedMethodRefs>
                    <TrackedMethodRef uid="6" vc="5" />
                  </TrackedMethodRefs>
                </SequencePoint>
                <SequencePoint vc="5" uspid="59" ordinal="19" offset="257" sl="84" sc="13" el="84" ec="14" bec="0" bev="0" fileid="2">
                  <TrackedMethodRefs>
                    <TrackedMethodRef uid="6" vc="5" />
                  </TrackedMethodRefs>
                </SequencePoint>
                <SequencePoint vc="5" uspid="60" ordinal="20" offset="258" sl="79" sc="48" el="79" ec="51" bec="0" bev="0" fileid="2">
                  <TrackedMethodRefs>
                    <TrackedMethodRef uid="6" vc="5" />
                  </TrackedMethodRefs>
                </SequencePoint>
                <SequencePoint vc="6" uspid="61" ordinal="21" offset="264" sl="79" sc="29" el="79" ec="46" bec="2" bev="2" fileid="2">
                  <TrackedMethodRefs>
                    <TrackedMethodRef uid="6" vc="6" />
                  </TrackedMethodRefs>
                </SequencePoint>
                <SequencePoint vc="1" uspid="62" ordinal="22" offset="283" sl="85" sc="9" el="85" ec="10" bec="0" bev="0" fileid="2">
                  <TrackedMethodRefs>
                    <TrackedMethodRef uid="6" vc="1" />
                  </TrackedMethodRefs>
                </SequencePoint>
              </SequencePoints>
              <BranchPoints>
                <BranchPoint vc="1" uspid="63" ordinal="0" offset="99" sl="69" path="0" offsetend="101" fileid="2">
                  <TrackedMethodRefs>
                    <TrackedMethodRef uid="6" vc="1" />
                  </TrackedMethodRefs>
                </BranchPoint>
                <BranchPoint vc="5" uspid="64" ordinal="1" offset="99" sl="69" path="1" offsetend="24" fileid="2">
                  <TrackedMethodRefs>
                    <TrackedMethodRef uid="6" vc="5" />
                  </TrackedMethodRefs>
                </BranchPoint>
                <BranchPoint vc="1" uspid="65" ordinal="2" offset="278" sl="79" path="0" offsetend="283" fileid="2">
                  <TrackedMethodRefs>
                    <TrackedMethodRef uid="6" vc="1" />
                  </TrackedMethodRefs>
                </BranchPoint>
                <BranchPoint vc="5" uspid="66" ordinal="3" offset="278" sl="79" path="1" offsetend="145" fileid="2">
                  <TrackedMethodRefs>
                    <TrackedMethodRef uid="6" vc="5" />
                  </TrackedMethodRefs>
                </BranchPoint>
              </BranchPoints>
              <MethodPoint xsi:type="SequencePoint" vc="1" uspid="40" ordinal="0" offset="0" sl="64" sc="9" el="64" ec="10" bec="0" bev="0" fileid="2">
                <TrackedMethodRefs>
                  <TrackedMethodRef uid="6" vc="1" />
                </TrackedMethodRefs>
              </MethodPoint>
            </Method>
            <Method visited="true" cyclomaticComplexity="1" nPathComplexity="0" sequenceCoverage="100" branchCoverage="100" crapScore="1" isConstructor="true" isStatic="false" isGetter="false" isSetter="false">
              <Summary numSequencePoints="1" visitedSequencePoints="1" numBranchPoints="1" visitedBranchPoints="1" sequenceCoverage="100" branchCoverage="100" maxCyclomaticComplexity="1" minCyclomaticComplexity="1" maxCrapScore="1" minCrapScore="1" visitedClasses="0" numClasses="0" visitedMethods="1" numMethods="1" />
              <MetadataToken>100663306</MetadataToken>
              <Name>System.Void BikeRental.Tests.Domain.ClientTestCase::.ctor()</Name>
              <FileRef uid="2" />
              <SequencePoints>
                <SequencePoint vc="1" uspid="67" ordinal="0" offset="0" sl="22" sc="9" el="23" ec="71" bec="0" bev="0" fileid="2" />
              </SequencePoints>
              <BranchPoints />
              <MethodPoint xsi:type="SequencePoint" vc="1" uspid="67" ordinal="0" offset="0" sl="22" sc="9" el="23" ec="71" bec="0" bev="0" fileid="2" />
            </Method>
          </Methods>
        </Class>
        <Class>
          <Summary numSequencePoints="188" visitedSequencePoints="187" numBranchPoints="30" visitedBranchPoints="29" sequenceCoverage="99.47" branchCoverage="96.67" maxCyclomaticComplexity="3" minCyclomaticComplexity="1" maxCrapScore="3.00" minCrapScore="1" visitedClasses="1" numClasses="1" visitedMethods="14" numMethods="14" />
          <FullName>BikeRental.Tests.Domain.RentalOperatorTestCase</FullName>
          <Methods>
            <Method visited="true" cyclomaticComplexity="1" nPathComplexity="0" sequenceCoverage="100" branchCoverage="100" crapScore="1" isConstructor="false" isStatic="false" isGetter="false" isSetter="false">
              <Summary numSequencePoints="12" visitedSequencePoints="12" numBranchPoints="1" visitedBranchPoints="1" sequenceCoverage="100" branchCoverage="100" maxCyclomaticComplexity="1" minCyclomaticComplexity="1" maxCrapScore="1" minCrapScore="1" visitedClasses="0" numClasses="0" visitedMethods="1" numMethods="1" />
              <MetadataToken>100663307</MetadataToken>
              <Name>System.Void BikeRental.Tests.Domain.RentalOperatorTestCase::SetUp()</Name>
              <FileRef uid="3" />
              <SequencePoints>
                <SequencePoint vc="11" uspid="68" ordinal="0" offset="0" sl="28" sc="9" el="28" ec="10" bec="0" bev="0" fileid="3" />
                <SequencePoint vc="11" uspid="69" ordinal="1" offset="1" sl="29" sc="13" el="33" ec="72" bec="0" bev="0" fileid="3" />
                <SequencePoint vc="11" uspid="70" ordinal="2" offset="47" sl="34" sc="13" el="36" ec="87" bec="0" bev="0" fileid="3" />
                <SequencePoint vc="11" uspid="71" ordinal="3" offset="66" sl="39" sc="13" el="40" ec="66" bec="0" bev="0" fileid="3" />
                <SequencePoint vc="11" uspid="72" ordinal="4" offset="84" sl="41" sc="13" el="42" ec="65" bec="0" bev="0" fileid="3" />
                <SequencePoint vc="11" uspid="73" ordinal="5" offset="103" sl="43" sc="13" el="44" ec="66" bec="0" bev="0" fileid="3" />
                <SequencePoint vc="11" uspid="74" ordinal="6" offset="122" sl="46" sc="13" el="46" ec="120" bec="0" bev="0" fileid="3" />
                <SequencePoint vc="11" uspid="75" ordinal="7" offset="137" sl="48" sc="13" el="48" ec="40" bec="0" bev="0" fileid="3" />
                <SequencePoint vc="11" uspid="76" ordinal="8" offset="148" sl="50" sc="13" el="51" ec="71" bec="0" bev="0" fileid="3" />
                <SequencePoint vc="11" uspid="77" ordinal="9" offset="170" sl="52" sc="13" el="52" ec="95" bec="0" bev="0" fileid="3" />
                <SequencePoint vc="11" uspid="78" ordinal="10" offset="188" sl="54" sc="13" el="54" ec="90" bec="0" bev="0" fileid="3" />
                <SequencePoint vc="11" uspid="79" ordinal="11" offset="214" sl="55" sc="9" el="55" ec="10" bec="0" bev="0" fileid="3" />
              </SequencePoints>
              <BranchPoints />
              <MethodPoint xsi:type="SequencePoint" vc="11" uspid="68" ordinal="0" offset="0" sl="28" sc="9" el="28" ec="10" bec="0" bev="0" fileid="3" />
            </Method>
            <Method visited="true" cyclomaticComplexity="1" nPathComplexity="0" sequenceCoverage="100" branchCoverage="100" crapScore="1" isConstructor="false" isStatic="false" isGetter="false" isSetter="false">
              <Summary numSequencePoints="10" visitedSequencePoints="10" numBranchPoints="1" visitedBranchPoints="1" sequenceCoverage="100" branchCoverage="100" maxCyclomaticComplexity="1" minCyclomaticComplexity="1" maxCrapScore="1" minCrapScore="1" visitedClasses="0" numClasses="0" visitedMethods="1" numMethods="1" />
              <MetadataToken>100663308</MetadataToken>
              <Name>System.Void BikeRental.Tests.Domain.RentalOperatorTestCase::ProvideRentalBikeAvailableUnitOfTimeValid()</Name>
              <FileRef uid="3" />
              <SequencePoints>
                <SequencePoint vc="1" uspid="80" ordinal="0" offset="0" sl="61" sc="9" el="61" ec="10" bec="0" bev="0" fileid="3">
                  <TrackedMethodRefs>
                    <TrackedMethodRef uid="7" vc="1" />
                  </TrackedMethodRefs>
                </SequencePoint>
                <SequencePoint vc="1" uspid="81" ordinal="1" offset="1" sl="62" sc="13" el="62" ec="103" bec="0" bev="0" fileid="3">
                  <TrackedMethodRefs>
                    <TrackedMethodRef uid="7" vc="1" />
                  </TrackedMethodRefs>
                </SequencePoint>
                <SequencePoint vc="1" uspid="82" ordinal="2" offset="26" sl="64" sc="13" el="64" ec="73" bec="0" bev="0" fileid="3">
                  <TrackedMethodRefs>
                    <TrackedMethodRef uid="7" vc="1" />
                  </TrackedMethodRefs>
                </SequencePoint>
                <SequencePoint vc="1" uspid="83" ordinal="3" offset="54" sl="66" sc="13" el="66" ec="57" bec="0" bev="0" fileid="3">
                  <TrackedMethodRefs>
                    <TrackedMethodRef uid="7" vc="1" />
                  </TrackedMethodRefs>
                </SequencePoint>
                <SequencePoint vc="1" uspid="84" ordinal="4" offset="72" sl="67" sc="13" el="67" ec="65" bec="0" bev="0" fileid="3">
                  <TrackedMethodRefs>
                    <TrackedMethodRef uid="7" vc="1" />
                  </TrackedMethodRefs>
                </SequencePoint>
                <SequencePoint vc="1" uspid="85" ordinal="5" offset="95" sl="69" sc="13" el="69" ec="53" bec="0" bev="0" fileid="3">
                  <TrackedMethodRefs>
                    <TrackedMethodRef uid="7" vc="1" />
                  </TrackedMethodRefs>
                </SequencePoint>
                <SequencePoint vc="1" uspid="86" ordinal="6" offset="113" sl="70" sc="13" el="70" ec="55" bec="0" bev="0" fileid="3">
                  <TrackedMethodRefs>
                    <TrackedMethodRef uid="7" vc="1" />
                  </TrackedMethodRefs>
                </SequencePoint>
                <SequencePoint vc="1" uspid="87" ordinal="7" offset="131" sl="71" sc="13" el="71" ec="64" bec="0" bev="0" fileid="3">
                  <TrackedMethodRefs>
                    <TrackedMethodRef uid="7" vc="1" />
                  </TrackedMethodRefs>
                </SequencePoint>
                <SequencePoint vc="1" uspid="88" ordinal="8" offset="159" sl="73" sc="13" el="73" ec="97" bec="0" bev="0" fileid="3">
                  <TrackedMethodRefs>
                    <TrackedMethodRef uid="7" vc="1" />
                  </TrackedMethodRefs>
                </SequencePoint>
                <SequencePoint vc="1" uspid="89" ordinal="9" offset="182" sl="74" sc="9" el="74" ec="10" bec="0" bev="0" fileid="3">
                  <TrackedMethodRefs>
                    <TrackedMethodRef uid="7" vc="1" />
                  </TrackedMethodRefs>
                </SequencePoint>
              </SequencePoints>
              <BranchPoints />
              <MethodPoint xsi:type="SequencePoint" vc="1" uspid="80" ordinal="0" offset="0" sl="61" sc="9" el="61" ec="10" bec="0" bev="0" fileid="3">
                <TrackedMethodRefs>
                  <TrackedMethodRef uid="7" vc="1" />
                </TrackedMethodRefs>
              </MethodPoint>
            </Method>
            <Method visited="true" cyclomaticComplexity="1" nPathComplexity="0" sequenceCoverage="100" branchCoverage="100" crapScore="1" isConstructor="false" isStatic="false" isGetter="false" isSetter="false">
              <Summary numSequencePoints="4" visitedSequencePoints="4" numBranchPoints="1" visitedBranchPoints="1" sequenceCoverage="100" branchCoverage="100" maxCyclomaticComplexity="1" minCyclomaticComplexity="1" maxCrapScore="1" minCrapScore="1" visitedClasses="0" numClasses="0" visitedMethods="1" numMethods="1" />
              <MetadataToken>100663309</MetadataToken>
              <Name>System.Void BikeRental.Tests.Domain.RentalOperatorTestCase::ProvideRentalBikeNotAvailable()</Name>
              <FileRef uid="3" />
              <SequencePoints>
                <SequencePoint vc="1" uspid="90" ordinal="0" offset="0" sl="78" sc="9" el="78" ec="10" bec="0" bev="0" fileid="3">
                  <TrackedMethodRefs>
                    <TrackedMethodRef uid="8" vc="1" />
                  </TrackedMethodRefs>
                </SequencePoint>
                <SequencePoint vc="1" uspid="91" ordinal="1" offset="1" sl="79" sc="13" el="79" ec="53" bec="0" bev="0" fileid="3">
                  <TrackedMethodRefs>
                    <TrackedMethodRef uid="8" vc="1" />
                  </TrackedMethodRefs>
                </SequencePoint>
                <SequencePoint vc="1" uspid="92" ordinal="2" offset="14" sl="81" sc="13" el="82" ec="63" bec="0" bev="0" fileid="3">
                  <TrackedMethodRefs>
                    <TrackedMethodRef uid="8" vc="1" />
                  </TrackedMethodRefs>
                </SequencePoint>
                <SequencePoint vc="1" uspid="93" ordinal="3" offset="37" sl="83" sc="9" el="83" ec="10" bec="0" bev="0" fileid="3">
                  <TrackedMethodRefs>
                    <TrackedMethodRef uid="8" vc="1" />
                  </TrackedMethodRefs>
                </SequencePoint>
              </SequencePoints>
              <BranchPoints />
              <MethodPoint xsi:type="SequencePoint" vc="1" uspid="90" ordinal="0" offset="0" sl="78" sc="9" el="78" ec="10" bec="0" bev="0" fileid="3">
                <TrackedMethodRefs>
                  <TrackedMethodRef uid="8" vc="1" />
                </TrackedMethodRefs>
              </MethodPoint>
            </Method>
            <Method visited="true" cyclomaticComplexity="1" nPathComplexity="0" sequenceCoverage="100" branchCoverage="100" crapScore="1" isConstructor="false" isStatic="false" isGetter="false" isSetter="false">
              <Summary numSequencePoints="3" visitedSequencePoints="3" numBranchPoints="1" visitedBranchPoints="1" sequenceCoverage="100" branchCoverage="100" maxCyclomaticComplexity="1" minCyclomaticComplexity="1" maxCrapScore="1" minCrapScore="1" visitedClasses="0" numClasses="0" visitedMethods="1" numMethods="1" />
              <MetadataToken>100663310</MetadataToken>
              <Name>System.Void BikeRental.Tests.Domain.RentalOperatorTestCase::ProvideRentalUnitOfTimeNotValid()</Name>
              <FileRef uid="3" />
              <SequencePoints>
                <SequencePoint vc="1" uspid="94" ordinal="0" offset="0" sl="87" sc="9" el="87" ec="10" bec="0" bev="0" fileid="3">
                  <TrackedMethodRefs>
                    <TrackedMethodRef uid="9" vc="1" />
                  </TrackedMethodRefs>
                </SequencePoint>
                <SequencePoint vc="1" uspid="95" ordinal="1" offset="1" sl="88" sc="13" el="89" ec="65" bec="0" bev="0" fileid="3">
                  <TrackedMethodRefs>
                    <TrackedMethodRef uid="9" vc="1" />
                  </TrackedMethodRefs>
                </SequencePoint>
                <SequencePoint vc="1" uspid="96" ordinal="2" offset="24" sl="90" sc="9" el="90" ec="10" bec="0" bev="0" fileid="3">
                  <TrackedMethodRefs>
                    <TrackedMethodRef uid="9" vc="1" />
                  </TrackedMethodRefs>
                </SequencePoint>
              </SequencePoints>
              <BranchPoints />
              <MethodPoint xsi:type="SequencePoint" vc="1" uspid="94" ordinal="0" offset="0" sl="87" sc="9" el="87" ec="10" bec="0" bev="0" fileid="3">
                <TrackedMethodRefs>
                  <TrackedMethodRef uid="9" vc="1" />
                </TrackedMethodRefs>
              </MethodPoint>
            </Method>
            <Method visited="true" cyclomaticComplexity="1" nPathComplexity="0" sequenceCoverage="100" branchCoverage="100" crapScore="1" isConstructor="false" isStatic="false" isGetter="false" isSetter="false">
              <Summary numSequencePoints="11" visitedSequencePoints="11" numBranchPoints="1" visitedBranchPoints="1" sequenceCoverage="100" branchCoverage="100" maxCyclomaticComplexity="1" minCyclomaticComplexity="1" maxCrapScore="1" minCrapScore="1" visitedClasses="0" numClasses="0" visitedMethods="1" numMethods="1" />
              <MetadataToken>100663311</MetadataToken>
              <Name>System.Void BikeRental.Tests.Domain.RentalOperatorTestCase::FinalizeNotFinalizedRental()</Name>
              <FileRef uid="3" />
              <SequencePoints>
                <SequencePoint vc="1" uspid="97" ordinal="0" offset="0" sl="98" sc="9" el="98" ec="10" bec="0" bev="0" fileid="3">
                  <TrackedMethodRefs>
                    <TrackedMethodRef uid="10" vc="1" />
                  </TrackedMethodRefs>
                </SequencePoint>
                <SequencePoint vc="1" uspid="98" ordinal="1" offset="1" sl="99" sc="13" el="99" ec="82" bec="0" bev="0" fileid="3">
                  <TrackedMethodRefs>
                    <TrackedMethodRef uid="10" vc="1" />
                  </TrackedMethodRefs>
                </SequencePoint>
                <SequencePoint vc="1" uspid="99" ordinal="2" offset="13" sl="100" sc="13" el="101" ec="66" bec="0" bev="0" fileid="3">
                  <TrackedMethodRefs>
                    <TrackedMethodRef uid="10" vc="1" />
                  </TrackedMethodRefs>
                </SequencePoint>
                <SequencePoint vc="1" uspid="100" ordinal="3" offset="32" sl="102" sc="13" el="102" ec="92" bec="0" bev="0" fileid="3">
                  <TrackedMethodRefs>
                    <TrackedMethodRef uid="10" vc="1" />
                  </TrackedMethodRefs>
                </SequencePoint>
                <SequencePoint vc="1" uspid="101" ordinal="4" offset="52" sl="104" sc="13" el="104" ec="109" bec="0" bev="0" fileid="3">
                  <TrackedMethodRefs>
                    <TrackedMethodRef uid="10" vc="1" />
                  </TrackedMethodRefs>
                </SequencePoint>
                <SequencePoint vc="1" uspid="102" ordinal="5" offset="71" sl="106" sc="13" el="106" ec="70" bec="0" bev="0" fileid="3">
                  <TrackedMethodRefs>
                    <TrackedMethodRef uid="10" vc="1" />
                  </TrackedMethodRefs>
                </SequencePoint>
                <SequencePoint vc="1" uspid="103" ordinal="6" offset="84" sl="107" sc="13" el="107" ec="104" bec="0" bev="0" fileid="3">
                  <TrackedMethodRefs>
                    <TrackedMethodRef uid="10" vc="1" />
                  </TrackedMethodRefs>
                </SequencePoint>
                <SequencePoint vc="1" uspid="104" ordinal="7" offset="107" sl="108" sc="13" el="108" ec="88" bec="0" bev="0" fileid="3">
                  <TrackedMethodRefs>
                    <TrackedMethodRef uid="10" vc="1" />
                  </TrackedMethodRefs>
                </SequencePoint>
                <SequencePoint vc="1" uspid="105" ordinal="8" offset="130" sl="110" sc="13" el="110" ec="62" bec="0" bev="0" fileid="3">
                  <TrackedMethodRefs>
                    <TrackedMethodRef uid="10" vc="1" />
                  </TrackedMethodRefs>
                </SequencePoint>
                <SequencePoint vc="1" uspid="106" ordinal="9" offset="158" sl="111" sc="13" el="111" ec="53" bec="0" bev="0" fileid="3">
                  <TrackedMethodRefs>
                    <TrackedMethodRef uid="10" vc="1" />
                  </TrackedMethodRefs>
                </SequencePoint>
                <SequencePoint vc="1" uspid="107" ordinal="10" offset="176" sl="112" sc="9" el="112" ec="10" bec="0" bev="0" fileid="3">
                  <TrackedMethodRefs>
                    <TrackedMethodRef uid="10" vc="1" />
                  </TrackedMethodRefs>
                </SequencePoint>
              </SequencePoints>
              <BranchPoints />
              <MethodPoint xsi:type="SequencePoint" vc="1" uspid="97" ordinal="0" offset="0" sl="98" sc="9" el="98" ec="10" bec="0" bev="0" fileid="3">
                <TrackedMethodRefs>
                  <TrackedMethodRef uid="10" vc="1" />
                </TrackedMethodRefs>
              </MethodPoint>
            </Method>
            <Method visited="true" cyclomaticComplexity="1" nPathComplexity="0" sequenceCoverage="100" branchCoverage="100" crapScore="1" isConstructor="false" isStatic="false" isGetter="false" isSetter="false">
              <Summary numSequencePoints="7" visitedSequencePoints="7" numBranchPoints="1" visitedBranchPoints="1" sequenceCoverage="100" branchCoverage="100" maxCyclomaticComplexity="1" minCyclomaticComplexity="1" maxCrapScore="1" minCrapScore="1" visitedClasses="0" numClasses="0" visitedMethods="1" numMethods="1" />
              <MetadataToken>100663312</MetadataToken>
              <Name>System.Void BikeRental.Tests.Domain.RentalOperatorTestCase::FinalizeFinalizedRentalThrowsRentalIsAlreadyFinalizedException()</Name>
              <FileRef uid="3" />
              <SequencePoints>
                <SequencePoint vc="1" uspid="108" ordinal="0" offset="13" sl="116" sc="9" el="116" ec="10" bec="0" bev="0" fileid="3">
                  <TrackedMethodRefs>
                    <TrackedMethodRef uid="11" vc="1" />
                  </TrackedMethodRefs>
                </SequencePoint>
                <SequencePoint vc="1" uspid="109" ordinal="1" offset="14" sl="117" sc="13" el="117" ec="82" bec="0" bev="0" fileid="3">
                  <TrackedMethodRefs>
                    <TrackedMethodRef uid="11" vc="1" />
                  </TrackedMethodRefs>
                </SequencePoint>
                <SequencePoint vc="1" uspid="110" ordinal="2" offset="26" sl="118" sc="13" el="119" ec="66" bec="0" bev="0" fileid="3">
                  <TrackedMethodRefs>
                    <TrackedMethodRef uid="11" vc="1" />
                  </TrackedMethodRefs>
                </SequencePoint>
                <SequencePoint vc="1" uspid="111" ordinal="3" offset="45" sl="120" sc="13" el="120" ec="92" bec="0" bev="0" fileid="3">
                  <TrackedMethodRefs>
                    <TrackedMethodRef uid="11" vc="1" />
                  </TrackedMethodRefs>
                </SequencePoint>
                <SequencePoint vc="1" uspid="112" ordinal="4" offset="70" sl="122" sc="13" el="122" ec="69" bec="0" bev="0" fileid="3">
                  <TrackedMethodRefs>
                    <TrackedMethodRef uid="11" vc="1" />
                  </TrackedMethodRefs>
                </SequencePoint>
                <SequencePoint vc="1" uspid="113" ordinal="5" offset="94" sl="124" sc="13" el="125" ec="69" bec="0" bev="0" fileid="3">
                  <TrackedMethodRefs>
                    <TrackedMethodRef uid="11" vc="1" />
                  </TrackedMethodRefs>
                </SequencePoint>
                <SequencePoint vc="1" uspid="114" ordinal="6" offset="117" sl="126" sc="9" el="126" ec="10" bec="0" bev="0" fileid="3">
                  <TrackedMethodRefs>
                    <TrackedMethodRef uid="11" vc="1" />
                  </TrackedMethodRefs>
                </SequencePoint>
              </SequencePoints>
              <BranchPoints />
              <MethodPoint vc="1" uspid="115" ordinal="0" offset="0">
                <TrackedMethodRefs>
                  <TrackedMethodRef uid="11" vc="1" />
                </TrackedMethodRefs>
              </MethodPoint>
            </Method>
            <Method visited="true" cyclomaticComplexity="2" nPathComplexity="2" sequenceCoverage="100" branchCoverage="100" crapScore="2" isConstructor="false" isStatic="false" isGetter="false" isSetter="false">
              <Summary numSequencePoints="39" visitedSequencePoints="39" numBranchPoints="3" visitedBranchPoints="3" sequenceCoverage="100" branchCoverage="100" maxCyclomaticComplexity="2" minCyclomaticComplexity="2" maxCrapScore="2" minCrapScore="2" visitedClasses="0" numClasses="0" visitedMethods="1" numMethods="1" />
              <MetadataToken>100663313</MetadataToken>
              <Name>System.Void BikeRental.Tests.Domain.RentalOperatorTestCase::ProvideFamilyRentalWithAmountsOk()</Name>
              <FileRef uid="3" />
              <SequencePoints>
                <SequencePoint vc="1" uspid="116" ordinal="0" offset="0" sl="134" sc="9" el="134" ec="10" bec="0" bev="0" fileid="3">
                  <TrackedMethodRefs>
                    <TrackedMethodRef uid="12" vc="1" />
                  </TrackedMethodRefs>
                </SequencePoint>
                <SequencePoint vc="1" uspid="117" ordinal="1" offset="1" sl="136" sc="13" el="137" ec="94" bec="0" bev="0" fileid="3">
                  <TrackedMethodRefs>
                    <TrackedMethodRef uid="12" vc="1" />
                  </TrackedMethodRefs>
                </SequencePoint>
                <SequencePoint vc="1" uspid="118" ordinal="2" offset="20" sl="138" sc="13" el="138" ec="95" bec="0" bev="0" fileid="3">
                  <TrackedMethodRefs>
                    <TrackedMethodRef uid="12" vc="1" />
                  </TrackedMethodRefs>
                </SequencePoint>
                <SequencePoint vc="1" uspid="119" ordinal="3" offset="33" sl="140" sc="13" el="140" ec="43" bec="0" bev="0" fileid="3">
                  <TrackedMethodRefs>
                    <TrackedMethodRef uid="12" vc="1" />
                  </TrackedMethodRefs>
                </SequencePoint>
                <SequencePoint vc="1" uspid="120" ordinal="4" offset="39" sl="141" sc="13" el="141" ec="43" bec="0" bev="0" fileid="3">
                  <TrackedMethodRefs>
                    <TrackedMethodRef uid="12" vc="1" />
                  </TrackedMethodRefs>
                </SequencePoint>
                <SequencePoint vc="1" uspid="121" ordinal="5" offset="45" sl="142" sc="13" el="142" ec="40" bec="0" bev="0" fileid="3">
                  <TrackedMethodRefs>
                    <TrackedMethodRef uid="12" vc="1" />
                  </TrackedMethodRefs>
                </SequencePoint>
                <SequencePoint vc="1" uspid="122" ordinal="6" offset="51" sl="143" sc="13" el="143" ec="45" bec="0" bev="0" fileid="3">
                  <TrackedMethodRefs>
                    <TrackedMethodRef uid="12" vc="1" />
                  </TrackedMethodRefs>
                </SequencePoint>
                <SequencePoint vc="1" uspid="123" ordinal="7" offset="58" sl="145" sc="13" el="145" ec="58" bec="0" bev="0" fileid="3">
                  <TrackedMethodRefs>
                    <TrackedMethodRef uid="12" vc="1" />
                  </TrackedMethodRefs>
                </SequencePoint>
                <SequencePoint vc="1" uspid="124" ordinal="8" offset="65" sl="146" sc="13" el="146" ec="33" bec="0" bev="0" fileid="3">
                  <TrackedMethodRefs>
                    <TrackedMethodRef uid="12" vc="1" />
                  </TrackedMethodRefs>
                </SequencePoint>
                <SequencePoint vc="1" uspid="125" ordinal="9" offset="74" sl="147" sc="13" el="147" ec="33" bec="0" bev="0" fileid="3">
                  <TrackedMethodRefs>
                    <TrackedMethodRef uid="12" vc="1" />
                  </TrackedMethodRefs>
                </SequencePoint>
                <SequencePoint vc="1" uspid="126" ordinal="10" offset="83" sl="148" sc="13" el="148" ec="30" bec="0" bev="0" fileid="3">
                  <TrackedMethodRefs>
                    <TrackedMethodRef uid="12" vc="1" />
                  </TrackedMethodRefs>
                </SequencePoint>
                <SequencePoint vc="1" uspid="127" ordinal="11" offset="92" sl="149" sc="13" el="149" ec="35" bec="0" bev="0" fileid="3">
                  <TrackedMethodRefs>
                    <TrackedMethodRef uid="12" vc="1" />
                  </TrackedMethodRefs>
                </SequencePoint>
                <SequencePoint vc="1" uspid="128" ordinal="12" offset="102" sl="151" sc="13" el="151" ec="70" bec="0" bev="0" fileid="3">
                  <TrackedMethodRefs>
                    <TrackedMethodRef uid="12" vc="1" />
                  </TrackedMethodRefs>
                </SequencePoint>
                <SequencePoint vc="1" uspid="129" ordinal="13" offset="120" sl="152" sc="13" el="152" ec="104" bec="0" bev="0" fileid="3">
                  <TrackedMethodRefs>
                    <TrackedMethodRef uid="12" vc="1" />
                  </TrackedMethodRefs>
                </SequencePoint>
                <SequencePoint vc="1" uspid="130" ordinal="14" offset="142" sl="153" sc="13" el="153" ec="66" bec="0" bev="0" fileid="3">
                  <TrackedMethodRefs>
                    <TrackedMethodRef uid="12" vc="1" />
                  </TrackedMethodRefs>
                </SequencePoint>
                <SequencePoint vc="1" uspid="131" ordinal="15" offset="156" sl="154" sc="13" el="154" ec="107" bec="0" bev="0" fileid="3">
                  <TrackedMethodRefs>
                    <TrackedMethodRef uid="12" vc="1" />
                  </TrackedMethodRefs>
                </SequencePoint>
                <SequencePoint vc="1" uspid="132" ordinal="16" offset="178" sl="155" sc="13" el="155" ec="66" bec="0" bev="0" fileid="3">
                  <TrackedMethodRefs>
                    <TrackedMethodRef uid="12" vc="1" />
                  </TrackedMethodRefs>
                </SequencePoint>
                <SequencePoint vc="1" uspid="133" ordinal="17" offset="192" sl="157" sc="13" el="157" ec="50" bec="0" bev="0" fileid="3">
                  <TrackedMethodRefs>
                    <TrackedMethodRef uid="12" vc="1" />
                  </TrackedMethodRefs>
                </SequencePoint>
                <SequencePoint vc="1" uspid="134" ordinal="18" offset="199" sl="158" sc="13" el="158" ec="34" bec="0" bev="0" fileid="3">
                  <TrackedMethodRefs>
                    <TrackedMethodRef uid="12" vc="1" />
                  </TrackedMethodRefs>
                </SequencePoint>
                <SequencePoint vc="1" uspid="135" ordinal="19" offset="213" sl="159" sc="13" el="159" ec="30" bec="0" bev="0" fileid="3">
                  <TrackedMethodRefs>
                    <TrackedMethodRef uid="12" vc="1" />
                  </TrackedMethodRefs>
                </SequencePoint>
                <SequencePoint vc="1" uspid="136" ordinal="20" offset="223" sl="160" sc="13" el="160" ec="30" bec="0" bev="0" fileid="3">
                  <TrackedMethodRefs>
                    <TrackedMethodRef uid="12" vc="1" />
                  </TrackedMethodRefs>
                </SequencePoint>
                <SequencePoint vc="1" uspid="137" ordinal="21" offset="233" sl="161" sc="13" el="161" ec="30" bec="0" bev="0" fileid="3">
                  <TrackedMethodRefs>
                    <TrackedMethodRef uid="12" vc="1" />
                  </TrackedMethodRefs>
                </SequencePoint>
                <SequencePoint vc="1" uspid="138" ordinal="22" offset="243" sl="163" sc="13" el="163" ec="69" bec="0" bev="0" fileid="3">
                  <TrackedMethodRefs>
                    <TrackedMethodRef uid="12" vc="1" />
                  </TrackedMethodRefs>
                </SequencePoint>
                <SequencePoint vc="1" uspid="139" ordinal="23" offset="250" sl="164" sc="13" el="164" ec="47" bec="0" bev="0" fileid="3">
                  <TrackedMethodRefs>
                    <TrackedMethodRef uid="12" vc="1" />
                  </TrackedMethodRefs>
                </SequencePoint>
                <SequencePoint vc="1" uspid="140" ordinal="24" offset="259" sl="165" sc="13" el="165" ec="47" bec="0" bev="0" fileid="3">
                  <TrackedMethodRefs>
                    <TrackedMethodRef uid="12" vc="1" />
                  </TrackedMethodRefs>
                </SequencePoint>
                <SequencePoint vc="1" uspid="141" ordinal="25" offset="268" sl="166" sc="13" el="166" ec="46" bec="0" bev="0" fileid="3">
                  <TrackedMethodRefs>
                    <TrackedMethodRef uid="12" vc="1" />
                  </TrackedMethodRefs>
                </SequencePoint>
                <SequencePoint vc="1" uspid="142" ordinal="26" offset="277" sl="167" sc="13" el="167" ec="46" bec="0" bev="0" fileid="3">
                  <TrackedMethodRefs>
                    <TrackedMethodRef uid="12" vc="1" />
                  </TrackedMethodRefs>
                </SequencePoint>
                <SequencePoint vc="1" uspid="143" ordinal="27" offset="286" sl="169" sc="13" el="169" ec="119" bec="0" bev="0" fileid="3">
                  <TrackedMethodRefs>
                    <TrackedMethodRef uid="12" vc="1" />
                  </TrackedMethodRefs>
                </SequencePoint>
                <SequencePoint vc="1" uspid="144" ordinal="28" offset="306" sl="171" sc="13" el="171" ec="58" bec="0" bev="0" fileid="3">
                  <TrackedMethodRefs>
                    <TrackedMethodRef uid="12" vc="1" />
                  </TrackedMethodRefs>
                </SequencePoint>
                <SequencePoint vc="1" uspid="145" ordinal="29" offset="320" sl="172" sc="13" el="172" ec="107" bec="0" bev="0" fileid="3">
                  <TrackedMethodRefs>
                    <TrackedMethodRef uid="12" vc="1" />
                  </TrackedMethodRefs>
                </SequencePoint>
                <SequencePoint vc="1" uspid="146" ordinal="30" offset="344" sl="173" sc="18" el="173" ec="27" bec="0" bev="0" fileid="3">
                  <TrackedMethodRefs>
                    <TrackedMethodRef uid="12" vc="1" />
                  </TrackedMethodRefs>
                </SequencePoint>
                <SequencePoint vc="4" uspid="147" ordinal="31" offset="349" sl="174" sc="13" el="174" ec="14" bec="0" bev="0" fileid="3">
                  <TrackedMethodRefs>
                    <TrackedMethodRef uid="12" vc="4" />
                  </TrackedMethodRefs>
                </SequencePoint>
                <SequencePoint vc="4" uspid="148" ordinal="32" offset="350" sl="175" sc="17" el="175" ec="77" bec="0" bev="0" fileid="3">
                  <TrackedMethodRefs>
                    <TrackedMethodRef uid="12" vc="4" />
                  </TrackedMethodRefs>
                </SequencePoint>
                <SequencePoint vc="4" uspid="149" ordinal="33" offset="384" sl="176" sc="17" el="176" ec="73" bec="0" bev="0" fileid="3">
                  <TrackedMethodRefs>
                    <TrackedMethodRef uid="12" vc="4" />
                  </TrackedMethodRefs>
                </SequencePoint>
                <SequencePoint vc="4" uspid="150" ordinal="34" offset="418" sl="177" sc="17" el="177" ec="95" bec="0" bev="0" fileid="3">
                  <TrackedMethodRefs>
                    <TrackedMethodRef uid="12" vc="4" />
                  </TrackedMethodRefs>
                </SequencePoint>
                <SequencePoint vc="4" uspid="151" ordinal="35" offset="467" sl="178" sc="13" el="178" ec="14" bec="0" bev="0" fileid="3">
                  <TrackedMethodRefs>
                    <TrackedMethodRef uid="12" vc="4" />
                  </TrackedMethodRefs>
                </SequencePoint>
                <SequencePoint vc="4" uspid="152" ordinal="36" offset="468" sl="173" sc="48" el="173" ec="51" bec="0" bev="0" fileid="3">
                  <TrackedMethodRefs>
                    <TrackedMethodRef uid="12" vc="4" />
                  </TrackedMethodRefs>
                </SequencePoint>
                <SequencePoint vc="5" uspid="153" ordinal="37" offset="474" sl="173" sc="29" el="173" ec="46" bec="2" bev="2" fileid="3">
                  <TrackedMethodRefs>
                    <TrackedMethodRef uid="12" vc="5" />
                  </TrackedMethodRefs>
                </SequencePoint>
                <SequencePoint vc="1" uspid="154" ordinal="38" offset="494" sl="179" sc="9" el="179" ec="10" bec="0" bev="0" fileid="3">
                  <TrackedMethodRefs>
                    <TrackedMethodRef uid="12" vc="1" />
                  </TrackedMethodRefs>
                </SequencePoint>
              </SequencePoints>
              <BranchPoints>
                <BranchPoint vc="1" uspid="155" ordinal="0" offset="489" sl="173" path="0" offsetend="494" fileid="3">
                  <TrackedMethodRefs>
                    <TrackedMethodRef uid="12" vc="1" />
                  </TrackedMethodRefs>
                </BranchPoint>
                <BranchPoint vc="4" uspid="156" ordinal="1" offset="489" sl="173" path="1" offsetend="349" fileid="3">
                  <TrackedMethodRefs>
                    <TrackedMethodRef uid="12" vc="4" />
                  </TrackedMethodRefs>
                </BranchPoint>
              </BranchPoints>
              <MethodPoint xsi:type="SequencePoint" vc="1" uspid="116" ordinal="0" offset="0" sl="134" sc="9" el="134" ec="10" bec="0" bev="0" fileid="3">
                <TrackedMethodRefs>
                  <TrackedMethodRef uid="12" vc="1" />
                </TrackedMethodRefs>
              </MethodPoint>
            </Method>
            <Method visited="true" cyclomaticComplexity="1" nPathComplexity="0" sequenceCoverage="100" branchCoverage="100" crapScore="1" isConstructor="false" isStatic="false" isGetter="false" isSetter="false">
              <Summary numSequencePoints="22" visitedSequencePoints="22" numBranchPoints="1" visitedBranchPoints="1" sequenceCoverage="100" branchCoverage="100" maxCyclomaticComplexity="1" minCyclomaticComplexity="1" maxCrapScore="1" minCrapScore="1" visitedClasses="0" numClasses="0" visitedMethods="1" numMethods="1" />
              <MetadataToken>100663314</MetadataToken>
              <Name>System.Void BikeRental.Tests.Domain.RentalOperatorTestCase::ProvideFamilyRentalWithDifferentAmountOfElementsThrowsAmountOfClientsAndBikesAndUnitsOfTimeDoNotMatchException()</Name>
              <FileRef uid="3" />
              <SequencePoints>
                <SequencePoint vc="1" uspid="157" ordinal="0" offset="13" sl="183" sc="9" el="183" ec="10" bec="0" bev="0" fileid="3">
                  <TrackedMethodRefs>
                    <TrackedMethodRef uid="13" vc="1" />
                  </TrackedMethodRefs>
                </SequencePoint>
                <SequencePoint vc="1" uspid="158" ordinal="1" offset="14" sl="184" sc="13" el="184" ec="43" bec="0" bev="0" fileid="3">
                  <TrackedMethodRefs>
                    <TrackedMethodRef uid="13" vc="1" />
                  </TrackedMethodRefs>
                </SequencePoint>
                <SequencePoint vc="1" uspid="159" ordinal="2" offset="20" sl="185" sc="13" el="185" ec="43" bec="0" bev="0" fileid="3">
                  <TrackedMethodRefs>
                    <TrackedMethodRef uid="13" vc="1" />
                  </TrackedMethodRefs>
                </SequencePoint>
                <SequencePoint vc="1" uspid="160" ordinal="3" offset="31" sl="186" sc="13" el="186" ec="40" bec="0" bev="0" fileid="3">
                  <TrackedMethodRefs>
                    <TrackedMethodRef uid="13" vc="1" />
                  </TrackedMethodRefs>
                </SequencePoint>
                <SequencePoint vc="1" uspid="161" ordinal="4" offset="37" sl="187" sc="13" el="187" ec="45" bec="0" bev="0" fileid="3">
                  <TrackedMethodRefs>
                    <TrackedMethodRef uid="13" vc="1" />
                  </TrackedMethodRefs>
                </SequencePoint>
                <SequencePoint vc="1" uspid="162" ordinal="5" offset="43" sl="189" sc="13" el="189" ec="58" bec="0" bev="0" fileid="3">
                  <TrackedMethodRefs>
                    <TrackedMethodRef uid="13" vc="1" />
                  </TrackedMethodRefs>
                </SequencePoint>
                <SequencePoint vc="1" uspid="163" ordinal="6" offset="54" sl="190" sc="13" el="190" ec="33" bec="0" bev="0" fileid="3">
                  <TrackedMethodRefs>
                    <TrackedMethodRef uid="13" vc="1" />
                  </TrackedMethodRefs>
                </SequencePoint>
                <SequencePoint vc="1" uspid="164" ordinal="7" offset="72" sl="191" sc="13" el="191" ec="33" bec="0" bev="0" fileid="3">
                  <TrackedMethodRefs>
                    <TrackedMethodRef uid="13" vc="1" />
                  </TrackedMethodRefs>
                </SequencePoint>
                <SequencePoint vc="1" uspid="165" ordinal="8" offset="85" sl="192" sc="13" el="192" ec="30" bec="0" bev="0" fileid="3">
                  <TrackedMethodRefs>
                    <TrackedMethodRef uid="13" vc="1" />
                  </TrackedMethodRefs>
                </SequencePoint>
                <SequencePoint vc="1" uspid="166" ordinal="9" offset="98" sl="193" sc="13" el="193" ec="35" bec="0" bev="0" fileid="3">
                  <TrackedMethodRefs>
                    <TrackedMethodRef uid="13" vc="1" />
                  </TrackedMethodRefs>
                </SequencePoint>
                <SequencePoint vc="1" uspid="167" ordinal="10" offset="111" sl="195" sc="13" el="195" ec="70" bec="0" bev="0" fileid="3">
                  <TrackedMethodRefs>
                    <TrackedMethodRef uid="13" vc="1" />
                  </TrackedMethodRefs>
                </SequencePoint>
                <SequencePoint vc="1" uspid="168" ordinal="11" offset="129" sl="196" sc="13" el="196" ec="104" bec="0" bev="0" fileid="3">
                  <TrackedMethodRefs>
                    <TrackedMethodRef uid="13" vc="1" />
                  </TrackedMethodRefs>
                </SequencePoint>
                <SequencePoint vc="1" uspid="169" ordinal="12" offset="151" sl="197" sc="13" el="197" ec="66" bec="0" bev="0" fileid="3">
                  <TrackedMethodRefs>
                    <TrackedMethodRef uid="13" vc="1" />
                  </TrackedMethodRefs>
                </SequencePoint>
                <SequencePoint vc="1" uspid="170" ordinal="13" offset="165" sl="199" sc="13" el="199" ec="50" bec="0" bev="0" fileid="3">
                  <TrackedMethodRefs>
                    <TrackedMethodRef uid="13" vc="1" />
                  </TrackedMethodRefs>
                </SequencePoint>
                <SequencePoint vc="1" uspid="171" ordinal="14" offset="176" sl="200" sc="13" el="200" ec="34" bec="0" bev="0" fileid="3">
                  <TrackedMethodRefs>
                    <TrackedMethodRef uid="13" vc="1" />
                  </TrackedMethodRefs>
                </SequencePoint>
                <SequencePoint vc="1" uspid="172" ordinal="15" offset="194" sl="201" sc="13" el="201" ec="30" bec="0" bev="0" fileid="3">
                  <TrackedMethodRefs>
                    <TrackedMethodRef uid="13" vc="1" />
                  </TrackedMethodRefs>
                </SequencePoint>
                <SequencePoint vc="1" uspid="173" ordinal="16" offset="208" sl="202" sc="13" el="202" ec="30" bec="0" bev="0" fileid="3">
                  <TrackedMethodRefs>
                    <TrackedMethodRef uid="13" vc="1" />
                  </TrackedMethodRefs>
                </SequencePoint>
                <SequencePoint vc="1" uspid="174" ordinal="17" offset="222" sl="204" sc="13" el="204" ec="69" bec="0" bev="0" fileid="3">
                  <TrackedMethodRefs>
                    <TrackedMethodRef uid="13" vc="1" />
                  </TrackedMethodRefs>
                </SequencePoint>
                <SequencePoint vc="1" uspid="175" ordinal="18" offset="233" sl="205" sc="13" el="205" ec="47" bec="0" bev="0" fileid="3">
                  <TrackedMethodRefs>
                    <TrackedMethodRef uid="13" vc="1" />
                  </TrackedMethodRefs>
                </SequencePoint>
                <SequencePoint vc="1" uspid="176" ordinal="19" offset="246" sl="206" sc="13" el="206" ec="47" bec="0" bev="0" fileid="3">
                  <TrackedMethodRefs>
                    <TrackedMethodRef uid="13" vc="1" />
                  </TrackedMethodRefs>
                </SequencePoint>
                <SequencePoint vc="1" uspid="177" ordinal="20" offset="259" sl="208" sc="13" el="209" ec="92" bec="0" bev="0" fileid="3">
                  <TrackedMethodRefs>
                    <TrackedMethodRef uid="13" vc="1" />
                  </TrackedMethodRefs>
                </SequencePoint>
                <SequencePoint vc="1" uspid="178" ordinal="21" offset="282" sl="210" sc="9" el="210" ec="10" bec="0" bev="0" fileid="3">
                  <TrackedMethodRefs>
                    <TrackedMethodRef uid="13" vc="1" />
                  </TrackedMethodRefs>
                </SequencePoint>
              </SequencePoints>
              <BranchPoints />
              <MethodPoint vc="1" uspid="179" ordinal="0" offset="0">
                <TrackedMethodRefs>
                  <TrackedMethodRef uid="13" vc="1" />
                </TrackedMethodRefs>
              </MethodPoint>
            </Method>
            <Method visited="true" cyclomaticComplexity="2" nPathComplexity="2" sequenceCoverage="100" branchCoverage="100" crapScore="2" isConstructor="false" isStatic="false" isGetter="false" isSetter="false">
              <Summary numSequencePoints="14" visitedSequencePoints="14" numBranchPoints="3" visitedBranchPoints="3" sequenceCoverage="100" branchCoverage="100" maxCyclomaticComplexity="2" minCyclomaticComplexity="2" maxCrapScore="2" minCrapScore="2" visitedClasses="0" numClasses="0" visitedMethods="1" numMethods="1" />
              <MetadataToken>100663315</MetadataToken>
              <Name>System.Void BikeRental.Tests.Domain.RentalOperatorTestCase::ProvideFamilyRentalWithAmountOfElementsGreaterThanTheMaximumAllowedThrowsAmountOfRentalsWantedDoesNotRespectTheEstablishedMarginException()</Name>
              <FileRef uid="3" />
              <SequencePoints>
                <SequencePoint vc="1" uspid="180" ordinal="0" offset="13" sl="214" sc="9" el="214" ec="10" bec="0" bev="0" fileid="3">
                  <TrackedMethodRefs>
                    <TrackedMethodRef uid="14" vc="1" />
                  </TrackedMethodRefs>
                </SequencePoint>
                <SequencePoint vc="1" uspid="181" ordinal="1" offset="14" sl="215" sc="13" el="215" ec="58" bec="0" bev="0" fileid="3">
                  <TrackedMethodRefs>
                    <TrackedMethodRef uid="14" vc="1" />
                  </TrackedMethodRefs>
                </SequencePoint>
                <SequencePoint vc="1" uspid="182" ordinal="2" offset="25" sl="216" sc="13" el="216" ec="50" bec="0" bev="0" fileid="3">
                  <TrackedMethodRefs>
                    <TrackedMethodRef uid="14" vc="1" />
                  </TrackedMethodRefs>
                </SequencePoint>
                <SequencePoint vc="1" uspid="183" ordinal="3" offset="36" sl="217" sc="13" el="217" ec="69" bec="0" bev="0" fileid="3">
                  <TrackedMethodRefs>
                    <TrackedMethodRef uid="14" vc="1" />
                  </TrackedMethodRefs>
                </SequencePoint>
                <SequencePoint vc="1" uspid="184" ordinal="4" offset="47" sl="219" sc="18" el="219" ec="27" bec="0" bev="0" fileid="3">
                  <TrackedMethodRefs>
                    <TrackedMethodRef uid="14" vc="1" />
                  </TrackedMethodRefs>
                </SequencePoint>
                <SequencePoint vc="8" uspid="185" ordinal="5" offset="51" sl="220" sc="13" el="220" ec="14" bec="0" bev="0" fileid="3">
                  <TrackedMethodRefs>
                    <TrackedMethodRef uid="14" vc="8" />
                  </TrackedMethodRefs>
                </SequencePoint>
                <SequencePoint vc="8" uspid="186" ordinal="6" offset="52" sl="221" sc="17" el="221" ec="43" bec="0" bev="0" fileid="3">
                  <TrackedMethodRefs>
                    <TrackedMethodRef uid="14" vc="8" />
                  </TrackedMethodRefs>
                </SequencePoint>
                <SequencePoint vc="8" uspid="187" ordinal="7" offset="69" sl="222" sc="17" el="222" ec="72" bec="0" bev="0" fileid="3">
                  <TrackedMethodRefs>
                    <TrackedMethodRef uid="14" vc="8" />
                  </TrackedMethodRefs>
                </SequencePoint>
                <SequencePoint vc="8" uspid="188" ordinal="8" offset="97" sl="223" sc="17" el="223" ec="50" bec="0" bev="0" fileid="3">
                  <TrackedMethodRefs>
                    <TrackedMethodRef uid="14" vc="8" />
                  </TrackedMethodRefs>
                </SequencePoint>
                <SequencePoint vc="8" uspid="189" ordinal="9" offset="110" sl="224" sc="13" el="224" ec="14" bec="0" bev="0" fileid="3">
                  <TrackedMethodRefs>
                    <TrackedMethodRef uid="14" vc="8" />
                  </TrackedMethodRefs>
                </SequencePoint>
                <SequencePoint vc="8" uspid="190" ordinal="10" offset="111" sl="219" sc="105" el="219" ec="108" bec="0" bev="0" fileid="3">
[...]
          <FullName>BikeRental.Domain.Exceptions.RentalIsAlreadyFinalizedException</FullName>
          <Methods>
            <Method visited="true" cyclomaticComplexity="1" nPathComplexity="0" sequenceCoverage="100" branchCoverage="100" crapScore="1" isConstructor="true" isStatic="false" isGetter="false" isSetter="false">
              <Summary numSequencePoints="3" visitedSequencePoints="3" numBranchPoints="1" visitedBranchPoints="1" sequenceCoverage="100" branchCoverage="100" maxCyclomaticComplexity="1" minCyclomaticComplexity="1" maxCrapScore="1" minCrapScore="1" visitedClasses="0" numClasses="0" visitedMethods="1" numMethods="1" />
              <MetadataToken>100663558</MetadataToken>
              <Name>System.Void BikeRental.Domain.Exceptions.RentalIsAlreadyFinalizedException::.ctor(System.String)</Name>
              <FileRef uid="47" />
              <SequencePoints>
                <SequencePoint vc="1" uspid="917" ordinal="0" offset="0" sl="11" sc="68" el="11" ec="81" bec="0" bev="0" fileid="47">
                  <TrackedMethodRefs>
                    <TrackedMethodRef uid="11" vc="1" />
                  </TrackedMethodRefs>
                </SequencePoint>
                <SequencePoint vc="1" uspid="918" ordinal="1" offset="8" sl="12" sc="9" el="12" ec="10" bec="0" bev="0" fileid="47">
                  <TrackedMethodRefs>
                    <TrackedMethodRef uid="11" vc="1" />
                  </TrackedMethodRefs>
                </SequencePoint>
                <SequencePoint vc="1" uspid="919" ordinal="2" offset="9" sl="13" sc="9" el="13" ec="10" bec="0" bev="0" fileid="47">
                  <TrackedMethodRefs>
                    <TrackedMethodRef uid="11" vc="1" />
                  </TrackedMethodRefs>
                </SequencePoint>
              </SequencePoints>
              <BranchPoints />
              <MethodPoint xsi:type="SequencePoint" vc="1" uspid="917" ordinal="0" offset="0" sl="11" sc="68" el="11" ec="81" bec="0" bev="0" fileid="47">
                <TrackedMethodRefs>
                  <TrackedMethodRef uid="11" vc="1" />
                </TrackedMethodRefs>
              </MethodPoint>
            </Method>
          </Methods>
        </Class>
        <Class>
          <Summary numSequencePoints="3" visitedSequencePoints="3" numBranchPoints="1" visitedBranchPoints="1" sequenceCoverage="100" branchCoverage="100" maxCyclomaticComplexity="1" minCyclomaticComplexity="1" maxCrapScore="1" minCrapScore="1" visitedClasses="1" numClasses="1" visitedMethods="1" numMethods="1" />
          <FullName>BikeRental.Domain.Exceptions.RentalHasNotFinalizedYetException</FullName>
          <Methods>
            <Method visited="true" cyclomaticComplexity="1" nPathComplexity="0" sequenceCoverage="100" branchCoverage="100" crapScore="1" isConstructor="true" isStatic="false" isGetter="false" isSetter="false">
              <Summary numSequencePoints="3" visitedSequencePoints="3" numBranchPoints="1" visitedBranchPoints="1" sequenceCoverage="100" branchCoverage="100" maxCyclomaticComplexity="1" minCyclomaticComplexity="1" maxCrapScore="1" minCrapScore="1" visitedClasses="0" numClasses="0" visitedMethods="1" numMethods="1" />
              <MetadataToken>100663559</MetadataToken>
              <Name>System.Void BikeRental.Domain.Exceptions.RentalHasNotFinalizedYetException::.ctor(System.String)</Name>
              <FileRef uid="48" />
              <SequencePoints>
                <SequencePoint vc="1" uspid="920" ordinal="0" offset="0" sl="11" sc="68" el="11" ec="81" bec="0" bev="0" fileid="48">
                  <TrackedMethodRefs>
                    <TrackedMethodRef uid="62" vc="1" />
                  </TrackedMethodRefs>
                </SequencePoint>
                <SequencePoint vc="1" uspid="921" ordinal="1" offset="8" sl="12" sc="9" el="12" ec="10" bec="0" bev="0" fileid="48">
                  <TrackedMethodRefs>
                    <TrackedMethodRef uid="62" vc="1" />
                  </TrackedMethodRefs>
                </SequencePoint>
                <SequencePoint vc="1" uspid="922" ordinal="2" offset="9" sl="13" sc="9" el="13" ec="10" bec="0" bev="0" fileid="48">
                  <TrackedMethodRefs>
                    <TrackedMethodRef uid="62" vc="1" />
                  </TrackedMethodRefs>
                </SequencePoint>
              </SequencePoints>
              <BranchPoints />
              <MethodPoint xsi:type="SequencePoint" vc="1" uspid="920" ordinal="0" offset="0" sl="11" sc="68" el="11" ec="81" bec="0" bev="0" fileid="48">
                <TrackedMethodRefs>
                  <TrackedMethodRef uid="62" vc="1" />
                </TrackedMethodRefs>
              </MethodPoint>
            </Method>
          </Methods>
        </Class>
        <Class>
          <Summary numSequencePoints="3" visitedSequencePoints="3" numBranchPoints="1" visitedBranchPoints="1" sequenceCoverage="100" branchCoverage="100" maxCyclomaticComplexity="1" minCyclomaticComplexity="1" maxCrapScore="1" minCrapScore="1" visitedClasses="1" numClasses="1" visitedMethods="1" numMethods="1" />
          <FullName>BikeRental.Domain.Exceptions.UnitOfTimeIsNotValidException</FullName>
          <Methods>
            <Method visited="true" cyclomaticComplexity="1" nPathComplexity="0" sequenceCoverage="100" branchCoverage="100" crapScore="1" isConstructor="true" isStatic="false" isGetter="false" isSetter="false">
              <Summary numSequencePoints="3" visitedSequencePoints="3" numBranchPoints="1" visitedBranchPoints="1" sequenceCoverage="100" branchCoverage="100" maxCyclomaticComplexity="1" minCyclomaticComplexity="1" maxCrapScore="1" minCrapScore="1" visitedClasses="0" numClasses="0" visitedMethods="1" numMethods="1" />
              <MetadataToken>100663560</MetadataToken>
              <Name>System.Void BikeRental.Domain.Exceptions.UnitOfTimeIsNotValidException::.ctor(System.String)</Name>
              <FileRef uid="49" />
              <SequencePoints>
                <SequencePoint vc="1" uspid="923" ordinal="0" offset="0" sl="11" sc="64" el="11" ec="77" bec="0" bev="0" fileid="49">
                  <TrackedMethodRefs>
                    <TrackedMethodRef uid="9" vc="1" />
                  </TrackedMethodRefs>
                </SequencePoint>
                <SequencePoint vc="1" uspid="924" ordinal="1" offset="8" sl="12" sc="9" el="12" ec="10" bec="0" bev="0" fileid="49">
                  <TrackedMethodRefs>
                    <TrackedMethodRef uid="9" vc="1" />
                  </TrackedMethodRefs>
                </SequencePoint>
                <SequencePoint vc="1" uspid="925" ordinal="2" offset="9" sl="13" sc="9" el="13" ec="10" bec="0" bev="0" fileid="49">
                  <TrackedMethodRefs>
                    <TrackedMethodRef uid="9" vc="1" />
                  </TrackedMethodRefs>
                </SequencePoint>
              </SequencePoints>
              <BranchPoints />
              <MethodPoint xsi:type="SequencePoint" vc="1" uspid="923" ordinal="0" offset="0" sl="11" sc="64" el="11" ec="77" bec="0" bev="0" fileid="49">
                <TrackedMethodRefs>
                  <TrackedMethodRef uid="9" vc="1" />
                </TrackedMethodRefs>
              </MethodPoint>
            </Method>
          </Methods>
        </Class>
      </Classes>
      <TrackedMethods>
        <TrackedMethod uid="1" token="100663298" name="System.Void BikeRental.Tests.Domain.BikeTestCase::WhenIsCreatedItsStateIsFree()" strategy="NUnitTest" />
        <TrackedMethod uid="2" token="100663299" name="System.Void BikeRental.Tests.Domain.BikeTestCase::IsAvailableWhenIsFree()" strategy="NUnitTest" />
        <TrackedMethod uid="3" token="100663300" name="System.Void BikeRental.Tests.Domain.BikeTestCase::StateIsChangedCorrectly()" strategy="NUnitTest" />
        <TrackedMethod uid="4" token="100663301" name="System.Void BikeRental.Tests.Domain.BikeTestCase::IsNotAvailableWhenIsNotFree()" strategy="NUnitTest" />
        <TrackedMethod uid="5" token="100663304" name="System.Void BikeRental.Tests.Domain.ClientTestCase::RequestARental()" strategy="NUnitTest" />
        <TrackedMethod uid="6" token="100663305" name="System.Void BikeRental.Tests.Domain.ClientTestCase::RequestAFamilyRental()" strategy="NUnitTest" />
        <TrackedMethod uid="7" token="100663308" name="System.Void BikeRental.Tests.Domain.RentalOperatorTestCase::ProvideRentalBikeAvailableUnitOfTimeValid()" strategy="NUnitTest" />
        <TrackedMethod uid="8" token="100663309" name="System.Void BikeRental.Tests.Domain.RentalOperatorTestCase::ProvideRentalBikeNotAvailable()" strategy="NUnitTest" />
        <TrackedMethod uid="9" token="100663310" name="System.Void BikeRental.Tests.Domain.RentalOperatorTestCase::ProvideRentalUnitOfTimeNotValid()" strategy="NUnitTest" />
        <TrackedMethod uid="10" token="100663311" name="System.Void BikeRental.Tests.Domain.RentalOperatorTestCase::FinalizeNotFinalizedRental()" strategy="NUnitTest" />
        <TrackedMethod uid="11" token="100663312" name="System.Void BikeRental.Tests.Domain.RentalOperatorTestCase::FinalizeFinalizedRentalThrowsRentalIsAlreadyFinalizedException()" strategy="NUnitTest" />
        <TrackedMethod uid="12" token="100663313" name="System.Void BikeRental.Tests.Domain.RentalOperatorTestCase::ProvideFamilyRentalWithAmountsOk()" strategy="NUnitTest" />
        <TrackedMethod uid="13" token="100663314" name="System.Void BikeRental.Tests.Domain.RentalOperatorTestCase::ProvideFamilyRentalWithDifferentAmountOfElementsThrowsAmountOfClientsAndBikesAndUnitsOfTimeDoNotMatchException()" strategy="NUnitTest" />
        <TrackedMethod uid="14" token="100663315" name="System.Void BikeRental.Tests.Domain.RentalOperatorTestCase::ProvideFamilyRentalWithAmountOfElementsGreaterThanTheMaximumAllowedThrowsAmountOfRentalsWantedDoesNotRespectTheEstablishedMarginException()" strategy="NUnitTest" />
        <TrackedMethod uid="15" token="100663316" name="System.Void BikeRental.Tests.Domain.RentalOperatorTestCase::ProvideFamilyRentalWithAmountOfElementsLessThanTheMinimumAllowedThrowsAmountOfRentalsWantedDoesNotRespectTheEstablishedMarginException()" strategy="NUnitTest" />
        <TrackedMethod uid="16" token="100663317" name="System.Void BikeRental.Tests.Domain.RentalOperatorTestCase::ProvideFamilyRentalWithAmountsEqualToMaximum()" strategy="NUnitTest" />
        <TrackedMethod uid="17" token="100663318" name="System.Void BikeRental.Tests.Domain.RentalOperatorTestCase::ProvideFamilyRentalWithAmountsEqualToMinimum()" strategy="NUnitTest" />
        <TrackedMethod uid="18" token="100663323" name="System.Void BikeRental.Tests.Domain.MoneyTestCase::ComparingTwoMoneysWithSameAmountAndSameTypeOfCurrencyUsingEqualOperatorAreEqual()" strategy="NUnitTest" />
        <TrackedMethod uid="19" token="100663324" name="System.Void BikeRental.Tests.Domain.MoneyTestCase::ComparingTwoMoneysWithDiffentAmountAndSameTypeOfCurrenrcyUsingEqualOperatorAreNotEqual()" strategy="NUnitTest" />
        <TrackedMethod uid="20" token="100663325" name="System.Void BikeRental.Tests.Domain.MoneyTestCase::ComparingTwoMoneysWithSameAmountAndDiffentTypeOfCurrencyUsingEqualOperatorAreNotEqual()" strategy="NUnitTest" />
        <TrackedMethod uid="21" token="100663326" name="System.Void BikeRental.Tests.Domain.MoneyTestCase::ComparingTwoMoneysWithDiffentAmountAndDiffentTypeOfCurrencyUsingEqualOperatorAreNotEqual()" strategy="NUnitTest" />
        <TrackedMethod uid="22" token="100663327" name="System.Void BikeRental.Tests.Domain.MoneyTestCase::ComparingMoneyWithNullUsingEqualOperatorAreNotEqual()" strategy="NUnitTest" />
        <TrackedMethod uid="23" token="100663328" name="System.Void BikeRental.Tests.Domain.MoneyTestCase::ComparingTwoMoneysWithSameAmountAndSameTypeOfCurrencyUsingInequalOperatorAreNotUnequal()" strategy="NUnitTest" />
        <TrackedMethod uid="24" token="100663329" name="System.Void BikeRental.Tests.Domain.MoneyTestCase::ComparingTwoMoneysWithDiffentAmountAndSameTypeOfCurrenrcyUsingInequalOperatorAreUnequal()" strategy="NUnitTest" />
        <TrackedMethod uid="25" token="100663330" name="System.Void BikeRental.Tests.Domain.MoneyTestCase::ComparingTwoMoneysWithSameAmountAndDiffentTypeOfCurrencyUsingInequalOperatorAreUnequal()" strategy="NUnitTest" />
        <TrackedMethod uid="26" token="100663331" name="System.Void BikeRental.Tests.Domain.MoneyTestCase::ComparingTwoMoneysWithDiffentAmountAndDiffentTypeOfCurrencyUsingInequalOperatorAreUnequal()" strategy="NUnitTest" />
        <TrackedMethod uid="27" token="100663332" name="System.Void BikeRental.Tests.Domain.MoneyTestCase::ComparingMoneyWithNullUsingInequalOperatorAreUnequal()" strategy="NUnitTest" />
        <TrackedMethod uid="28" token="100663333" name="System.Void BikeRental.Tests.Domain.MoneyTestCase::ComparingTwoMoneysWithSameAmountAndSameTypeOfCurrencyUsingEqualMethodAreEqual()" strategy="NUnitTest" />
        <TrackedMethod uid="29" token="100663334" name="System.Void BikeRental.Tests.Domain.MoneyTestCase::ComparingTwoMoneysWithDifferentAmountAndSameTypeOfCurrencyUsingEqualMethodAreNotEqual()" strategy="NUnitTest" />
        <TrackedMethod uid="30" token="100663335" name="System.Void BikeRental.Tests.Domain.MoneyTestCase::ComparingTwoMoneysWithSameAmountAndDifferentTypeOfCurrencyUsingEqualMethodAreNotEqual()" strategy="NUnitTest" />
        <TrackedMethod uid="31" token="100663336" name="System.Void BikeRental.Tests.Domain.MoneyTestCase::ComparingTwoMoneysWithDifferentAmountAndDifferentTypeOfCurrencyUsingEqualMethodAreNotEqual()" strategy="NUnitTest" />
        <TrackedMethod uid="32" token="100663337" name="System.Void BikeRental.Tests.Domain.MoneyTestCase::ComparingMoneyWithNullUsingEqualMethodAreNotEqual()" strategy="NUnitTest" />
        <TrackedMethod uid="33" token="100663338" name="System.Void BikeRental.Tests.Domain.MoneyTestCase::ComparingMoneyWithNonMoneyClassTypeUsingEqualMethodDoesNotThrowException()" strategy="NUnitTest" />
        <TrackedMethod uid="34" token="100663339" name="System.Void BikeRental.Tests.Domain.MoneyTestCase::HashCodeOfTwoMoneysWithSameAmountAndSameTypeOfCurrencyAreEqual()" strategy="NUnitTest" />
        <TrackedMethod uid="35" token="100663340" name="System.Void BikeRental.Tests.Domain.MoneyTestCase::HashCodeOfTwoMoneysWithDifferentAmountAndSameTypeOfCurrencyAreNotEqual()" strategy="NUnitTest" />
        <TrackedMethod uid="36" token="100663341" name="System.Void BikeRental.Tests.Domain.MoneyTestCase::HashCodeOfTwoMoneysWithSameAmountAndDifferentTypeOfCurrencyAreNotEqual()" strategy="NUnitTest" />
        <TrackedMethod uid="37" token="100663342" name="System.Void BikeRental.Tests.Domain.MoneyTestCase::HashCodeOfTwoMoneysWithDifferentAmountAndDifferentTypeOfCurrencyAreNotEqual()" strategy="NUnitTest" />
        <TrackedMethod uid="38" token="100663346" name="System.Void BikeRental.Tests.Domain.CashierTestCase::SaleIsPaidAfterCharging()" strategy="NUnitTest" />
        <TrackedMethod uid="39" token="100663347" name="System.Void BikeRental.Tests.Domain.CashierTestCase::MoneyReceivedIsUnequalThanPurchaseCostThrowsMoneyReceivedIsUnequalThanPurchaseCostException()" strategy="NUnitTest" />
        <TrackedMethod uid="40" token="100663348" name="System.Void BikeRental.Tests.Domain.CashierTestCase::PurchaseIsAlreadyPaidThrowsPurchaseIsAlreadyPaidException()" strategy="NUnitTest" />
        <TrackedMethod uid="41" token="100663353" name="System.Void BikeRental.Tests.Domain.PersonTestCase::HasTheRoleAfterAddingIt()" strategy="NUnitTest" />
        <TrackedMethod uid="42" token="100663354" name="System.Void BikeRental.Tests.Domain.PersonTestCase::AddingRoleThatAlreadyHasThrowsPersonAlreadyHasThatRoleException()" strategy="NUnitTest" />
        <TrackedMethod uid="43" token="100663357" name="System.Void BikeRental.Tests.Domain.RentalByDayTestCase::OneDayCostsTheSameAsTheCostPerUnitOfTime()" strategy="NUnitTest" />
        <TrackedMethod uid="44" token="100663358" name="System.Void BikeRental.Tests.Domain.RentalByDayTestCase::TwoDaysCostTheSameAsTheCostPerUnitOfTimeMultipliedByTwo()" strategy="NUnitTest" />
        <TrackedMethod uid="45" token="100663359" name="System.Void BikeRental.Tests.Domain.RentalByDayTestCase::HalfADayCostsTheSameAsHalfOfTheCostPerUnitOfTime()" strategy="NUnitTest" />
        <TrackedMethod uid="46" token="100663360" name="System.Void BikeRental.Tests.Domain.RentalByDayTestCase::FinalizationDateLessThanBeginningDateThrowsFinalizationDateOfRentalLessThanBeginningDateException()" strategy="NUnitTest" />
        <TrackedMethod uid="47" token="100663364" name="System.Void BikeRental.Tests.Domain.RentalByHourTestCase::OneHourCostsTheSameAsTheCostPerUnitOfTime()" strategy="NUnitTest" />
        <TrackedMethod uid="48" token="100663365" name="System.Void BikeRental.Tests.Domain.RentalByHourTestCase::TwoHoursCostTheSameAsTheCostPerUnitOfTimeMultipliedByTwo()" strategy="NUnitTest" />
        <TrackedMethod uid="49" token="100663366" name="System.Void BikeRental.Tests.Domain.RentalByHourTestCase::HalfAnHourCostsTheSameAsHalfOfTheCostPerUnitOfTime()" strategy="NUnitTest" />
        <TrackedMethod uid="50" token="100663367" name="System.Void BikeRental.Tests.Domain.RentalByHourTestCase::FinalizationDateLessThanBeginningDateThrowsFinalizationDateOfRentalLessThanBeginningDateException()" strategy="NUnitTest" />
        <TrackedMethod uid="51" token="100663371" name="System.Void BikeRental.Tests.Domain.RentalByWeekTestCase::OneWeekCostsTheSameAsTheCostPerUnitOfTime()" strategy="NUnitTest" />
        <TrackedMethod uid="52" token="100663372" name="System.Void BikeRental.Tests.Domain.RentalByWeekTestCase::TwoWeeksCostTheSameAsTheCostPerUnitOfTimeMultipliedByTwo()" strategy="NUnitTest" />
        <TrackedMethod uid="53" token="100663373" name="System.Void BikeRental.Tests.Domain.RentalByWeekTestCase::HalfAWeekCostsTheSameAsHalfOfTheCostPerUnitOfTime()" strategy="NUnitTest" />
        <TrackedMethod uid="54" token="100663374" name="System.Void BikeRental.Tests.Domain.RentalByWeekTestCase::FinalizationDateLessThanBeginningDateThrowsFinalizationDateOfRentalLessThanBeginningDateException()" strategy="NUnitTest" />
        <TrackedMethod uid="55" token="100663378" name="System.Void BikeRental.Tests.Domain.FamilyRentalTestCase::WhenIsCreatedItIsNotPaid()" strategy="NUnitTest" />
        <TrackedMethod uid="56" token="100663379" name="System.Void BikeRental.Tests.Domain.FamilyRentalTestCase::IsPaidWhenItHasPayment()" strategy="NUnitTest" />
        <TrackedMethod uid="57" token="100663380" name="System.Void BikeRental.Tests.Domain.FamilyRentalTestCase::CostIsGottenWithTheDiscountApplied()" strategy="NUnitTest" />
        <TrackedMethod uid="58" token="100663383" name="System.Void BikeRental.Tests.Domain.RentalTestCase::WhenIsCreatedItIsNotFinalized()" strategy="NUnitTest" />
        <TrackedMethod uid="59" token="100663384" name="System.Void BikeRental.Tests.Domain.RentalTestCase::IsFinalizedWhenItHasFinalization()" strategy="NUnitTest" />
        <TrackedMethod uid="60" token="100663385" name="System.Void BikeRental.Tests.Domain.RentalTestCase::WhenIsCreatedItIsNotPaid()" strategy="NUnitTest" />
        <TrackedMethod uid="61" token="100663386" name="System.Void BikeRental.Tests.Domain.RentalTestCase::IsPaidWhenItHasPayment()" strategy="NUnitTest" />
        <TrackedMethod uid="62" token="100663387" name="System.Void BikeRental.Tests.Domain.RentalTestCase::GetCostWhenItHasNoFinalizationThrowsRentalHasNotFinalizedYetException()" strategy="NUnitTest" />
        <TrackedMethod uid="63" token="100663388" name="System.Void BikeRental.Tests.Domain.RentalTestCase::CostIsGottenWhenItIsFinalized()" strategy="NUnitTest" />
      </TrackedMethods>
    </Module>
  </Modules>
</CoverageSession>